2026-02-18 20:49:03,798 [INFO] redfin-finder: ============================================================
2026-02-18 20:49:03,798 [INFO] redfin-finder: Redfin Finder run started at 2026-02-18 20:49:03
2026-02-18 20:49:03,798 [INFO] redfin-finder: ============================================================
2026-02-18 20:49:03,799 [INFO] redfin-finder: Step 1/5: Scraping Redfin for new listings...
2026-02-18 20:49:03,799 [INFO] src.scraper: Resolving 37 new ZIP codes (of 37 total)...
2026-02-18 20:49:04,703 [INFO] src.scraper:   ZIP 02169 -> region_id=660 (type=2)
2026-02-18 20:49:06,961 [INFO] src.scraper:   ZIP 02170 -> region_id=661 (type=2)
2026-02-18 20:49:08,934 [INFO] src.scraper:   ZIP 02171 -> region_id=662 (type=2)
2026-02-18 20:49:11,055 [INFO] src.scraper:   ZIP 02451 -> region_id=750 (type=2)
2026-02-18 20:49:13,051 [INFO] src.scraper:   ZIP 02452 -> region_id=751 (type=2)
2026-02-18 20:49:15,232 [INFO] src.scraper:   ZIP 02453 -> region_id=752 (type=2)
2026-02-18 20:49:17,090 [INFO] src.scraper:   ZIP 02454 -> region_id=753 (type=2)
2026-02-18 20:49:18,780 [INFO] src.scraper:   ZIP 02458 -> region_id=757 (type=2)
2026-02-18 20:49:20,798 [INFO] src.scraper:   ZIP 02459 -> region_id=758 (type=2)
2026-02-18 20:49:22,878 [INFO] src.scraper:   ZIP 02460 -> region_id=759 (type=2)
2026-02-18 20:49:24,498 [INFO] src.scraper:   ZIP 02461 -> region_id=760 (type=2)
2026-02-18 20:49:26,831 [INFO] src.scraper:   ZIP 02462 -> region_id=761 (type=2)
2026-02-18 20:49:28,861 [INFO] src.scraper:   ZIP 02464 -> region_id=762 (type=2)
2026-02-18 20:49:31,096 [INFO] src.scraper:   ZIP 02465 -> region_id=763 (type=2)
2026-02-18 20:49:32,882 [INFO] src.scraper:   ZIP 02466 -> region_id=764 (type=2)
2026-02-18 20:49:35,493 [INFO] src.scraper:   ZIP 02467 -> region_id=765 (type=2)
2026-02-18 20:49:37,913 [INFO] src.scraper:   ZIP 02468 -> region_id=766 (type=2)
2026-02-18 20:49:39,600 [INFO] src.scraper:   ZIP 02471 -> region_id=767 (type=2)
2026-02-18 20:49:41,627 [INFO] src.scraper:   ZIP 02472 -> region_id=768 (type=2)
2026-02-18 20:49:44,007 [INFO] src.scraper:   ZIP 02135 -> region_id=640 (type=2)
2026-02-18 20:49:46,379 [INFO] src.scraper:   ZIP 02134 -> region_id=639 (type=2)
2026-02-18 20:49:48,141 [INFO] src.scraper:   ZIP 02143 -> region_id=648 (type=2)
2026-02-18 20:49:50,670 [INFO] src.scraper:   ZIP 02144 -> region_id=649 (type=2)
2026-02-18 20:49:52,282 [INFO] src.scraper:   ZIP 02145 -> region_id=650 (type=2)
2026-02-18 20:49:53,927 [INFO] src.scraper:   ZIP 02138 -> region_id=643 (type=2)
2026-02-18 20:49:55,490 [INFO] src.scraper:   ZIP 02139 -> region_id=644 (type=2)
2026-02-18 20:49:57,363 [INFO] src.scraper:   ZIP 02140 -> region_id=645 (type=2)
2026-02-18 20:49:59,547 [INFO] src.scraper:   ZIP 02141 -> region_id=646 (type=2)
2026-02-18 20:50:01,165 [INFO] src.scraper:   ZIP 02142 -> region_id=647 (type=2)
2026-02-18 20:50:03,488 [INFO] src.scraper:   ZIP 02445 -> region_id=747 (type=2)
2026-02-18 20:50:05,118 [INFO] src.scraper:   ZIP 02446 -> region_id=748 (type=2)
2026-02-18 20:50:07,092 [INFO] src.scraper:   ZIP 02447 -> region_id=749 (type=2)
2026-02-18 20:50:09,256 [INFO] src.scraper:   ZIP 02155 -> region_id=657 (type=2)
2026-02-18 20:50:11,162 [INFO] src.scraper:   ZIP 02156 -> region_id=658 (type=2)
2026-02-18 20:50:13,273 [INFO] src.scraper:   ZIP 02474 -> region_id=769 (type=2)
2026-02-18 20:50:15,228 [INFO] src.scraper:   ZIP 02476 -> region_id=771 (type=2)
2026-02-18 20:50:17,808 [INFO] src.scraper:   ZIP 02478 -> region_id=773 (type=2)
2026-02-18 20:50:19,479 [INFO] src.scraper: Region resolution complete: 37/37 ZIPs resolved
2026-02-18 20:50:19,479 [INFO] src.scraper: Searching Quincy (02169) (region_id=660)...
2026-02-18 20:50:20,069 [INFO] src.scraper: Quincy (02169) (region 660): 63 homes returned
2026-02-18 20:50:24,610 [INFO] src.scraper: Searching Quincy (02170) (region_id=661)...
2026-02-18 20:50:24,844 [INFO] src.scraper: Quincy (02170) (region 661): 4 homes returned
2026-02-18 20:50:28,855 [INFO] src.scraper: Searching Quincy (02171) (region_id=662)...
2026-02-18 20:50:29,183 [INFO] src.scraper: Quincy (02171) (region 662): 19 homes returned
2026-02-18 20:50:31,746 [INFO] src.scraper: Searching Waltham (02451) (region_id=750)...
2026-02-18 20:50:32,007 [INFO] src.scraper: Waltham (02451) (region 750): 11 homes returned
2026-02-18 20:50:34,899 [INFO] src.scraper: Searching Waltham (02452) (region_id=751)...
2026-02-18 20:50:35,187 [INFO] src.scraper: Waltham (02452) (region 751): 2 homes returned
2026-02-18 20:50:39,555 [INFO] src.scraper: Searching Waltham (02453) (region_id=752)...
2026-02-18 20:50:39,774 [INFO] src.scraper: Waltham (02453) (region 752): 28 homes returned
2026-02-18 20:50:42,370 [INFO] src.scraper: Searching Waltham (02454) (region_id=753)...
2026-02-18 20:50:42,558 [INFO] src.scraper: Waltham (02454) (region 753): 0 homes returned
2026-02-18 20:50:45,792 [INFO] src.scraper: Searching Newton (02458) (region_id=757)...
2026-02-18 20:50:46,070 [INFO] src.scraper: Newton (02458) (region 757): 16 homes returned
2026-02-18 20:50:48,572 [INFO] src.scraper: Searching Newton (02459) (region_id=758)...
2026-02-18 20:50:48,835 [INFO] src.scraper: Newton (02459) (region 758): 29 homes returned
2026-02-18 20:50:51,607 [INFO] src.scraper: Searching Newton (02460) (region_id=759)...
2026-02-18 20:50:51,840 [INFO] src.scraper: Newton (02460) (region 759): 12 homes returned
2026-02-18 20:50:56,402 [INFO] src.scraper: Searching Newton (02461) (region_id=760)...
2026-02-18 20:50:56,715 [INFO] src.scraper: Newton (02461) (region 760): 27 homes returned
2026-02-18 20:51:00,875 [INFO] src.scraper: Searching Newton (02462) (region_id=761)...
2026-02-18 20:51:01,089 [INFO] src.scraper: Newton (02462) (region 761): 1 homes returned
2026-02-18 20:51:03,594 [INFO] src.scraper: Searching Newton (02464) (region_id=762)...
2026-02-18 20:51:03,796 [INFO] src.scraper: Newton (02464) (region 762): 3 homes returned
2026-02-18 20:51:06,246 [INFO] src.scraper: Searching Newton (02465) (region_id=763)...
2026-02-18 20:51:06,426 [INFO] src.scraper: Newton (02465) (region 763): 7 homes returned
2026-02-18 20:51:10,266 [INFO] src.scraper: Searching Newton (02466) (region_id=764)...
2026-02-18 20:51:10,467 [INFO] src.scraper: Newton (02466) (region 764): 4 homes returned
2026-02-18 20:51:13,561 [INFO] src.scraper: Searching Newton (02467) (region_id=765)...
2026-02-18 20:51:13,795 [INFO] src.scraper: Newton (02467) (region 765): 38 homes returned
2026-02-18 20:51:17,658 [INFO] src.scraper: Searching Newton (02468) (region_id=766)...
2026-02-18 20:51:17,886 [INFO] src.scraper: Newton (02468) (region 766): 8 homes returned
2026-02-18 20:51:22,179 [INFO] src.scraper: Searching Watertown (02471) (region_id=767)...
2026-02-18 20:51:22,528 [INFO] src.scraper: Watertown (02471) (region 767): 73 homes returned
2026-02-18 20:51:26,462 [INFO] src.scraper: Searching Watertown (02472) (region_id=768)...
2026-02-18 20:51:26,735 [INFO] src.scraper: Watertown (02472) (region 768): 39 homes returned
2026-02-18 20:51:30,026 [INFO] src.scraper: Searching Brighton (02135) (region_id=640)...
2026-02-18 20:51:30,333 [INFO] src.scraper: Brighton (02135) (region 640): 90 homes returned
2026-02-18 20:51:35,061 [INFO] src.scraper: Searching Allston (02134) (region_id=639)...
2026-02-18 20:51:35,311 [INFO] src.scraper: Allston (02134) (region 639): 28 homes returned
2026-02-18 20:51:40,248 [INFO] src.scraper: Searching Somerville (02143) (region_id=648)...
2026-02-18 20:51:40,549 [INFO] src.scraper: Somerville (02143) (region 648): 31 homes returned
2026-02-18 20:51:44,560 [INFO] src.scraper: Searching Somerville (02144) (region_id=649)...
2026-02-18 20:51:44,791 [INFO] src.scraper: Somerville (02144) (region 649): 14 homes returned
2026-02-18 20:51:46,874 [INFO] src.scraper: Searching Somerville (02145) (region_id=650)...
2026-02-18 20:51:47,112 [INFO] src.scraper: Somerville (02145) (region 650): 26 homes returned
2026-02-18 20:51:49,711 [INFO] src.scraper: Searching Cambridge (02138) (region_id=643)...
2026-02-18 20:51:50,041 [INFO] src.scraper: Cambridge (02138) (region 643): 32 homes returned
2026-02-18 20:51:54,103 [INFO] src.scraper: Searching Cambridge (02139) (region_id=644)...
2026-02-18 20:51:54,322 [INFO] src.scraper: Cambridge (02139) (region 644): 21 homes returned
2026-02-18 20:51:57,600 [INFO] src.scraper: Searching Cambridge (02140) (region_id=645)...
2026-02-18 20:51:57,858 [INFO] src.scraper: Cambridge (02140) (region 645): 17 homes returned
2026-02-18 20:52:02,760 [INFO] src.scraper: Searching Cambridge (02141) (region_id=646)...
2026-02-18 20:52:03,077 [INFO] src.scraper: Cambridge (02141) (region 646): 36 homes returned
2026-02-18 20:52:07,401 [INFO] src.scraper: Searching Cambridge (02142) (region_id=647)...
2026-02-18 20:52:07,618 [INFO] src.scraper: Cambridge (02142) (region 647): 3 homes returned
2026-02-18 20:52:11,662 [INFO] src.scraper: Searching Brookline (02445) (region_id=747)...
2026-02-18 20:52:11,913 [INFO] src.scraper: Brookline (02445) (region 747): 33 homes returned
2026-02-18 20:52:15,535 [INFO] src.scraper: Searching Brookline (02446) (region_id=748)...
2026-02-18 20:52:15,798 [INFO] src.scraper: Brookline (02446) (region 748): 30 homes returned
2026-02-18 20:52:19,192 [INFO] src.scraper: Searching Brookline (02447) (region_id=749)...
2026-02-18 20:52:19,554 [INFO] src.scraper: Brookline (02447) (region 749): 151 homes returned
2026-02-18 20:52:23,407 [INFO] src.scraper: Searching Medford (02155) (region_id=657)...
2026-02-18 20:52:23,705 [INFO] src.scraper: Medford (02155) (region 657): 56 homes returned
2026-02-18 20:52:28,187 [INFO] src.scraper: Searching Medford (02156) (region_id=658)...
2026-02-18 20:52:28,449 [INFO] src.scraper: Medford (02156) (region 658): 39 homes returned
2026-02-18 20:52:30,562 [INFO] src.scraper: Searching Arlington (02474) (region_id=769)...
2026-02-18 20:52:30,829 [INFO] src.scraper: Arlington (02474) (region 769): 9 homes returned
2026-02-18 20:52:35,439 [INFO] src.scraper: Searching Arlington (02476) (region_id=771)...
2026-02-18 20:52:35,669 [INFO] src.scraper: Arlington (02476) (region 771): 10 homes returned
2026-02-18 20:52:39,261 [INFO] src.scraper: Searching Belmont (02478) (region_id=773)...
2026-02-18 20:52:39,455 [INFO] src.scraper: Belmont (02478) (region 773): 12 homes returned
2026-02-18 20:52:41,647 [INFO] src.scraper: Total new listings found: 808
2026-02-18 20:52:41,649 [INFO] redfin-finder: Raw listings from scraper: 808
2026-02-18 20:52:41,650 [INFO] redfin-finder: Step 2/5: Applying location and price filters...
2026-02-18 20:52:41,652 [INFO] redfin-finder: After filtering: 79 listings
2026-02-18 20:52:41,652 [INFO] redfin-finder: Step 3/5: Computing driving times (OSRM + Nominatim)...
2026-02-18 20:52:41,652 [INFO] redfin-finder:   [1/79] Driving times for: 87 Franklin St #105, Quincy, MA 02169
2026-02-18 20:52:43,286 [INFO] redfin-finder:   [2/79] Driving times for: 195 Thomas Burgin Pkwy #212, Quincy, MA 02169
2026-02-18 20:52:53,287 [INFO] redfin-finder:   [3/79] Driving times for: 20 Whitney Unit U:1, Quincy, MA 02169
2026-02-18 20:53:03,289 [INFO] redfin-finder:   [4/79] Driving times for: 21 Totman St #404, Quincy, MA 02169
2026-02-18 20:53:13,292 [INFO] redfin-finder:   [5/79] Driving times for: 1025 Hancock St Unit 2K, Quincy, MA 02169
2026-02-18 20:53:23,347 [INFO] redfin-finder:   [6/79] Driving times for: 21 Totman St #203, Quincy, MA 02169
2026-02-18 20:53:33,382 [INFO] redfin-finder:   [7/79] Driving times for: 1-Bedroom Plan, Quincy, MA 02169
2026-02-18 21:20:31,009 [ERROR] src.driving_times: OSRM table request failed
Traceback (most recent call last):
  File "C:\Users\Zara\anaconda3\lib\site-packages\urllib3\connectionpool.py", line 703, in urlopen
    httplib_response = self._make_request(
  File "C:\Users\Zara\anaconda3\lib\site-packages\urllib3\connectionpool.py", line 449, in _make_request
    six.raise_from(e, None)
  File "<string>", line 3, in raise_from
  File "C:\Users\Zara\anaconda3\lib\site-packages\urllib3\connectionpool.py", line 444, in _make_request
    httplib_response = conn.getresponse()
  File "C:\Users\Zara\anaconda3\lib\http\client.py", line 1377, in getresponse
    response.begin()
  File "C:\Users\Zara\anaconda3\lib\http\client.py", line 320, in begin
    version, status, reason = self._read_status()
  File "C:\Users\Zara\anaconda3\lib\http\client.py", line 281, in _read_status
    line = str(self.fp.readline(_MAXLINE + 1), "iso-8859-1")
  File "C:\Users\Zara\anaconda3\lib\socket.py", line 704, in readinto
    return self._sock.recv_into(b)
  File "C:\Users\Zara\anaconda3\lib\ssl.py", line 1242, in recv_into
    return self.read(nbytes, buffer)
  File "C:\Users\Zara\anaconda3\lib\ssl.py", line 1100, in read
    return self._sslobj.read(len, buffer)
ConnectionResetError: [WinError 10054] An existing connection was forcibly closed by the remote host

During handling of the above exception, another exception occurred:

Traceback (most recent call last):
  File "C:\Users\Zara\anaconda3\lib\site-packages\requests\adapters.py", line 644, in send
    resp = conn.urlopen(
  File "C:\Users\Zara\anaconda3\lib\site-packages\urllib3\connectionpool.py", line 787, in urlopen
    retries = retries.increment(
  File "C:\Users\Zara\anaconda3\lib\site-packages\urllib3\util\retry.py", line 550, in increment
    raise six.reraise(type(error), error, _stacktrace)
  File "C:\Users\Zara\anaconda3\lib\site-packages\urllib3\packages\six.py", line 769, in reraise
    raise value.with_traceback(tb)
  File "C:\Users\Zara\anaconda3\lib\site-packages\urllib3\connectionpool.py", line 703, in urlopen
    httplib_response = self._make_request(
  File "C:\Users\Zara\anaconda3\lib\site-packages\urllib3\connectionpool.py", line 449, in _make_request
    six.raise_from(e, None)
  File "<string>", line 3, in raise_from
  File "C:\Users\Zara\anaconda3\lib\site-packages\urllib3\connectionpool.py", line 444, in _make_request
    httplib_response = conn.getresponse()
  File "C:\Users\Zara\anaconda3\lib\http\client.py", line 1377, in getresponse
    response.begin()
  File "C:\Users\Zara\anaconda3\lib\http\client.py", line 320, in begin
    version, status, reason = self._read_status()
  File "C:\Users\Zara\anaconda3\lib\http\client.py", line 281, in _read_status
    line = str(self.fp.readline(_MAXLINE + 1), "iso-8859-1")
  File "C:\Users\Zara\anaconda3\lib\socket.py", line 704, in readinto
    return self._sock.recv_into(b)
  File "C:\Users\Zara\anaconda3\lib\ssl.py", line 1242, in recv_into
    return self.read(nbytes, buffer)
  File "C:\Users\Zara\anaconda3\lib\ssl.py", line 1100, in read
    return self._sslobj.read(len, buffer)
urllib3.exceptions.ProtocolError: ('Connection aborted.', ConnectionResetError(10054, 'An existing connection was forcibly closed by the remote host', None, 10054, None))

During handling of the above exception, another exception occurred:

Traceback (most recent call last):
  File "C:\Users\Zara\Documents\GitHub\Personal Projects\home-finder\src\driving_times.py", line 94, in _osrm_table
    resp = requests.get(
  File "C:\Users\Zara\anaconda3\lib\site-packages\requests\api.py", line 73, in get
    return request("get", url, params=params, **kwargs)
  File "C:\Users\Zara\anaconda3\lib\site-packages\requests\api.py", line 59, in request
    return session.request(method=method, url=url, **kwargs)
  File "C:\Users\Zara\anaconda3\lib\site-packages\requests\sessions.py", line 589, in request
    resp = self.send(prep, **send_kwargs)
  File "C:\Users\Zara\anaconda3\lib\site-packages\requests\sessions.py", line 703, in send
    r = adapter.send(request, **kwargs)
  File "C:\Users\Zara\anaconda3\lib\site-packages\requests\adapters.py", line 659, in send
    raise ConnectionError(err, request=request)
requests.exceptions.ConnectionError: ('Connection aborted.', ConnectionResetError(10054, 'An existing connection was forcibly closed by the remote host', None, 10054, None))
2026-02-18 21:20:32,488 [INFO] redfin-finder:   [8/79] Driving times for: 2-Bedrooms Plan, Quincy, MA 02169
2026-02-18 21:20:32,618 [ERROR] src.driving_times: OSRM table request failed
Traceback (most recent call last):
  File "C:\Users\Zara\anaconda3\lib\site-packages\urllib3\connection.py", line 174, in _new_conn
    conn = connection.create_connection(
  File "C:\Users\Zara\anaconda3\lib\site-packages\urllib3\util\connection.py", line 72, in create_connection
    for res in socket.getaddrinfo(host, port, family, socket.SOCK_STREAM):
  File "C:\Users\Zara\anaconda3\lib\socket.py", line 954, in getaddrinfo
    for res in _socket.getaddrinfo(host, port, family, type, proto, flags):
socket.gaierror: [Errno 11001] getaddrinfo failed

During handling of the above exception, another exception occurred:

Traceback (most recent call last):
  File "C:\Users\Zara\anaconda3\lib\site-packages\urllib3\connectionpool.py", line 703, in urlopen
    httplib_response = self._make_request(
  File "C:\Users\Zara\anaconda3\lib\site-packages\urllib3\connectionpool.py", line 386, in _make_request
    self._validate_conn(conn)
  File "C:\Users\Zara\anaconda3\lib\site-packages\urllib3\connectionpool.py", line 1042, in _validate_conn
    conn.connect()
  File "C:\Users\Zara\anaconda3\lib\site-packages\urllib3\connection.py", line 358, in connect
    self.sock = conn = self._new_conn()
  File "C:\Users\Zara\anaconda3\lib\site-packages\urllib3\connection.py", line 186, in _new_conn
    raise NewConnectionError(
urllib3.exceptions.NewConnectionError: <urllib3.connection.HTTPSConnection object at 0x00000117351E9280>: Failed to establish a new connection: [Errno 11001] getaddrinfo failed

During handling of the above exception, another exception occurred:

Traceback (most recent call last):
  File "C:\Users\Zara\anaconda3\lib\site-packages\requests\adapters.py", line 644, in send
    resp = conn.urlopen(
  File "C:\Users\Zara\anaconda3\lib\site-packages\urllib3\connectionpool.py", line 787, in urlopen
    retries = retries.increment(
  File "C:\Users\Zara\anaconda3\lib\site-packages\urllib3\util\retry.py", line 592, in increment
    raise MaxRetryError(_pool, url, error or ResponseError(cause))
urllib3.exceptions.MaxRetryError: HTTPSConnectionPool(host='router.project-osrm.org', port=443): Max retries exceeded with url: /table/v1/driving/-71.0045919,42.2543564;-71.0052,42.2516;-71.0446,42.3519;-71.0847,42.3625?sources=0&destinations=1%3B2%3B3&annotations=duration (Caused by NewConnectionError('<urllib3.connection.HTTPSConnection object at 0x00000117351E9280>: Failed to establish a new connection: [Errno 11001] getaddrinfo failed'))

During handling of the above exception, another exception occurred:

Traceback (most recent call last):
  File "C:\Users\Zara\Documents\GitHub\Personal Projects\home-finder\src\driving_times.py", line 94, in _osrm_table
    resp = requests.get(
  File "C:\Users\Zara\anaconda3\lib\site-packages\requests\api.py", line 73, in get
    return request("get", url, params=params, **kwargs)
  File "C:\Users\Zara\anaconda3\lib\site-packages\requests\api.py", line 59, in request
    return session.request(method=method, url=url, **kwargs)
  File "C:\Users\Zara\anaconda3\lib\site-packages\requests\sessions.py", line 589, in request
    resp = self.send(prep, **send_kwargs)
  File "C:\Users\Zara\anaconda3\lib\site-packages\requests\sessions.py", line 703, in send
    r = adapter.send(request, **kwargs)
  File "C:\Users\Zara\anaconda3\lib\site-packages\requests\adapters.py", line 677, in send
    raise ConnectionError(e, request=request)
requests.exceptions.ConnectionError: HTTPSConnectionPool(host='router.project-osrm.org', port=443): Max retries exceeded with url: /table/v1/driving/-71.0045919,42.2543564;-71.0052,42.2516;-71.0446,42.3519;-71.0847,42.3625?sources=0&destinations=1%3B2%3B3&annotations=duration (Caused by NewConnectionError('<urllib3.connection.HTTPSConnection object at 0x00000117351E9280>: Failed to establish a new connection: [Errno 11001] getaddrinfo failed'))
2026-02-18 21:20:33,735 [INFO] redfin-finder:   [9/79] Driving times for: 20 Whitney Rd #101, Quincy, MA 02169
2026-02-18 21:20:33,851 [ERROR] src.driving_times: OSRM table request failed
Traceback (most recent call last):
  File "C:\Users\Zara\anaconda3\lib\site-packages\urllib3\connection.py", line 174, in _new_conn
    conn = connection.create_connection(
  File "C:\Users\Zara\anaconda3\lib\site-packages\urllib3\util\connection.py", line 72, in create_connection
    for res in socket.getaddrinfo(host, port, family, socket.SOCK_STREAM):
  File "C:\Users\Zara\anaconda3\lib\socket.py", line 954, in getaddrinfo
    for res in _socket.getaddrinfo(host, port, family, type, proto, flags):
socket.gaierror: [Errno 11001] getaddrinfo failed

During handling of the above exception, another exception occurred:

Traceback (most recent call last):
  File "C:\Users\Zara\anaconda3\lib\site-packages\urllib3\connectionpool.py", line 703, in urlopen
    httplib_response = self._make_request(
  File "C:\Users\Zara\anaconda3\lib\site-packages\urllib3\connectionpool.py", line 386, in _make_request
    self._validate_conn(conn)
  File "C:\Users\Zara\anaconda3\lib\site-packages\urllib3\connectionpool.py", line 1042, in _validate_conn
    conn.connect()
  File "C:\Users\Zara\anaconda3\lib\site-packages\urllib3\connection.py", line 358, in connect
    self.sock = conn = self._new_conn()
  File "C:\Users\Zara\anaconda3\lib\site-packages\urllib3\connection.py", line 186, in _new_conn
    raise NewConnectionError(
urllib3.exceptions.NewConnectionError: <urllib3.connection.HTTPSConnection object at 0x0000011735204280>: Failed to establish a new connection: [Errno 11001] getaddrinfo failed

During handling of the above exception, another exception occurred:

Traceback (most recent call last):
  File "C:\Users\Zara\anaconda3\lib\site-packages\requests\adapters.py", line 644, in send
    resp = conn.urlopen(
  File "C:\Users\Zara\anaconda3\lib\site-packages\urllib3\connectionpool.py", line 787, in urlopen
    retries = retries.increment(
  File "C:\Users\Zara\anaconda3\lib\site-packages\urllib3\util\retry.py", line 592, in increment
    raise MaxRetryError(_pool, url, error or ResponseError(cause))
urllib3.exceptions.MaxRetryError: HTTPSConnectionPool(host='router.project-osrm.org', port=443): Max retries exceeded with url: /table/v1/driving/-71.0045919,42.2543564;-71.0052,42.2516;-71.0446,42.3519;-71.0847,42.3625?sources=0&destinations=1%3B2%3B3&annotations=duration (Caused by NewConnectionError('<urllib3.connection.HTTPSConnection object at 0x0000011735204280>: Failed to establish a new connection: [Errno 11001] getaddrinfo failed'))

During handling of the above exception, another exception occurred:

Traceback (most recent call last):
  File "C:\Users\Zara\Documents\GitHub\Personal Projects\home-finder\src\driving_times.py", line 94, in _osrm_table
    resp = requests.get(
  File "C:\Users\Zara\anaconda3\lib\site-packages\requests\api.py", line 73, in get
    return request("get", url, params=params, **kwargs)
  File "C:\Users\Zara\anaconda3\lib\site-packages\requests\api.py", line 59, in request
    return session.request(method=method, url=url, **kwargs)
  File "C:\Users\Zara\anaconda3\lib\site-packages\requests\sessions.py", line 589, in request
    resp = self.send(prep, **send_kwargs)
  File "C:\Users\Zara\anaconda3\lib\site-packages\requests\sessions.py", line 703, in send
    r = adapter.send(request, **kwargs)
  File "C:\Users\Zara\anaconda3\lib\site-packages\requests\adapters.py", line 677, in send
    raise ConnectionError(e, request=request)
requests.exceptions.ConnectionError: HTTPSConnectionPool(host='router.project-osrm.org', port=443): Max retries exceeded with url: /table/v1/driving/-71.0045919,42.2543564;-71.0052,42.2516;-71.0446,42.3519;-71.0847,42.3625?sources=0&destinations=1%3B2%3B3&annotations=duration (Caused by NewConnectionError('<urllib3.connection.HTTPSConnection object at 0x0000011735204280>: Failed to establish a new connection: [Errno 11001] getaddrinfo failed'))
2026-02-18 21:20:34,960 [INFO] redfin-finder:   [10/79] Driving times for: 18 Allerton St, Quincy, MA 02169
2026-02-18 21:20:35,073 [ERROR] src.driving_times: OSRM table request failed
Traceback (most recent call last):
  File "C:\Users\Zara\anaconda3\lib\site-packages\urllib3\connection.py", line 174, in _new_conn
    conn = connection.create_connection(
  File "C:\Users\Zara\anaconda3\lib\site-packages\urllib3\util\connection.py", line 72, in create_connection
    for res in socket.getaddrinfo(host, port, family, socket.SOCK_STREAM):
  File "C:\Users\Zara\anaconda3\lib\socket.py", line 954, in getaddrinfo
    for res in _socket.getaddrinfo(host, port, family, type, proto, flags):
socket.gaierror: [Errno 11001] getaddrinfo failed

During handling of the above exception, another exception occurred:

Traceback (most recent call last):
  File "C:\Users\Zara\anaconda3\lib\site-packages\urllib3\connectionpool.py", line 703, in urlopen
    httplib_response = self._make_request(
  File "C:\Users\Zara\anaconda3\lib\site-packages\urllib3\connectionpool.py", line 386, in _make_request
    self._validate_conn(conn)
  File "C:\Users\Zara\anaconda3\lib\site-packages\urllib3\connectionpool.py", line 1042, in _validate_conn
    conn.connect()
  File "C:\Users\Zara\anaconda3\lib\site-packages\urllib3\connection.py", line 358, in connect
    self.sock = conn = self._new_conn()
  File "C:\Users\Zara\anaconda3\lib\site-packages\urllib3\connection.py", line 186, in _new_conn
    raise NewConnectionError(
urllib3.exceptions.NewConnectionError: <urllib3.connection.HTTPSConnection object at 0x0000011735221280>: Failed to establish a new connection: [Errno 11001] getaddrinfo failed

During handling of the above exception, another exception occurred:

Traceback (most recent call last):
  File "C:\Users\Zara\anaconda3\lib\site-packages\requests\adapters.py", line 644, in send
    resp = conn.urlopen(
  File "C:\Users\Zara\anaconda3\lib\site-packages\urllib3\connectionpool.py", line 787, in urlopen
    retries = retries.increment(
  File "C:\Users\Zara\anaconda3\lib\site-packages\urllib3\util\retry.py", line 592, in increment
    raise MaxRetryError(_pool, url, error or ResponseError(cause))
urllib3.exceptions.MaxRetryError: HTTPSConnectionPool(host='router.project-osrm.org', port=443): Max retries exceeded with url: /table/v1/driving/-70.9640548,42.262924;-71.0052,42.2516;-71.0446,42.3519;-71.0847,42.3625?sources=0&destinations=1%3B2%3B3&annotations=duration (Caused by NewConnectionError('<urllib3.connection.HTTPSConnection object at 0x0000011735221280>: Failed to establish a new connection: [Errno 11001] getaddrinfo failed'))

During handling of the above exception, another exception occurred:

Traceback (most recent call last):
  File "C:\Users\Zara\Documents\GitHub\Personal Projects\home-finder\src\driving_times.py", line 94, in _osrm_table
    resp = requests.get(
  File "C:\Users\Zara\anaconda3\lib\site-packages\requests\api.py", line 73, in get
    return request("get", url, params=params, **kwargs)
  File "C:\Users\Zara\anaconda3\lib\site-packages\requests\api.py", line 59, in request
    return session.request(method=method, url=url, **kwargs)
  File "C:\Users\Zara\anaconda3\lib\site-packages\requests\sessions.py", line 589, in request
    resp = self.send(prep, **send_kwargs)
  File "C:\Users\Zara\anaconda3\lib\site-packages\requests\sessions.py", line 703, in send
    r = adapter.send(request, **kwargs)
  File "C:\Users\Zara\anaconda3\lib\site-packages\requests\adapters.py", line 677, in send
    raise ConnectionError(e, request=request)
requests.exceptions.ConnectionError: HTTPSConnectionPool(host='router.project-osrm.org', port=443): Max retries exceeded with url: /table/v1/driving/-70.9640548,42.262924;-71.0052,42.2516;-71.0446,42.3519;-71.0847,42.3625?sources=0&destinations=1%3B2%3B3&annotations=duration (Caused by NewConnectionError('<urllib3.connection.HTTPSConnection object at 0x0000011735221280>: Failed to establish a new connection: [Errno 11001] getaddrinfo failed'))
2026-02-19 12:53:34,189 [INFO] redfin-finder:   [11/79] Driving times for: 138 Quincy Shore Dr #170, Quincy, MA 02171
2026-02-19 12:53:34,442 [ERROR] src.driving_times: OSRM table request failed
Traceback (most recent call last):
  File "C:\Users\Zara\anaconda3\lib\site-packages\urllib3\connection.py", line 174, in _new_conn
    conn = connection.create_connection(
  File "C:\Users\Zara\anaconda3\lib\site-packages\urllib3\util\connection.py", line 72, in create_connection
    for res in socket.getaddrinfo(host, port, family, socket.SOCK_STREAM):
  File "C:\Users\Zara\anaconda3\lib\socket.py", line 954, in getaddrinfo
    for res in _socket.getaddrinfo(host, port, family, type, proto, flags):
socket.gaierror: [Errno 11001] getaddrinfo failed

During handling of the above exception, another exception occurred:

Traceback (most recent call last):
  File "C:\Users\Zara\anaconda3\lib\site-packages\urllib3\connectionpool.py", line 703, in urlopen
    httplib_response = self._make_request(
  File "C:\Users\Zara\anaconda3\lib\site-packages\urllib3\connectionpool.py", line 386, in _make_request
    self._validate_conn(conn)
  File "C:\Users\Zara\anaconda3\lib\site-packages\urllib3\connectionpool.py", line 1042, in _validate_conn
    conn.connect()
  File "C:\Users\Zara\anaconda3\lib\site-packages\urllib3\connection.py", line 358, in connect
    self.sock = conn = self._new_conn()
  File "C:\Users\Zara\anaconda3\lib\site-packages\urllib3\connection.py", line 186, in _new_conn
    raise NewConnectionError(
urllib3.exceptions.NewConnectionError: <urllib3.connection.HTTPSConnection object at 0x0000011735221250>: Failed to establish a new connection: [Errno 11001] getaddrinfo failed

During handling of the above exception, another exception occurred:

Traceback (most recent call last):
  File "C:\Users\Zara\anaconda3\lib\site-packages\requests\adapters.py", line 644, in send
    resp = conn.urlopen(
  File "C:\Users\Zara\anaconda3\lib\site-packages\urllib3\connectionpool.py", line 787, in urlopen
    retries = retries.increment(
  File "C:\Users\Zara\anaconda3\lib\site-packages\urllib3\util\retry.py", line 592, in increment
    raise MaxRetryError(_pool, url, error or ResponseError(cause))
urllib3.exceptions.MaxRetryError: HTTPSConnectionPool(host='router.project-osrm.org', port=443): Max retries exceeded with url: /table/v1/driving/-71.0311585,42.2851821;-71.03,42.2754;-71.0446,42.3519;-71.0847,42.3625?sources=0&destinations=1%3B2%3B3&annotations=duration (Caused by NewConnectionError('<urllib3.connection.HTTPSConnection object at 0x0000011735221250>: Failed to establish a new connection: [Errno 11001] getaddrinfo failed'))

During handling of the above exception, another exception occurred:

Traceback (most recent call last):
  File "C:\Users\Zara\Documents\GitHub\Personal Projects\home-finder\src\driving_times.py", line 94, in _osrm_table
    resp = requests.get(
  File "C:\Users\Zara\anaconda3\lib\site-packages\requests\api.py", line 73, in get
    return request("get", url, params=params, **kwargs)
  File "C:\Users\Zara\anaconda3\lib\site-packages\requests\api.py", line 59, in request
    return session.request(method=method, url=url, **kwargs)
  File "C:\Users\Zara\anaconda3\lib\site-packages\requests\sessions.py", line 589, in request
    resp = self.send(prep, **send_kwargs)
  File "C:\Users\Zara\anaconda3\lib\site-packages\requests\sessions.py", line 703, in send
    r = adapter.send(request, **kwargs)
  File "C:\Users\Zara\anaconda3\lib\site-packages\requests\adapters.py", line 677, in send
    raise ConnectionError(e, request=request)
requests.exceptions.ConnectionError: HTTPSConnectionPool(host='router.project-osrm.org', port=443): Max retries exceeded with url: /table/v1/driving/-71.0311585,42.2851821;-71.03,42.2754;-71.0446,42.3519;-71.0847,42.3625?sources=0&destinations=1%3B2%3B3&annotations=duration (Caused by NewConnectionError('<urllib3.connection.HTTPSConnection object at 0x0000011735221250>: Failed to establish a new connection: [Errno 11001] getaddrinfo failed'))
2026-02-19 12:53:35,564 [INFO] redfin-finder:   [12/79] Driving times for: 212-A Quincy Shore Dr, Quincy, MA 02171
2026-02-19 12:53:35,661 [ERROR] src.driving_times: OSRM table request failed
Traceback (most recent call last):
  File "C:\Users\Zara\anaconda3\lib\site-packages\urllib3\connection.py", line 174, in _new_conn
    conn = connection.create_connection(
  File "C:\Users\Zara\anaconda3\lib\site-packages\urllib3\util\connection.py", line 72, in create_connection
    for res in socket.getaddrinfo(host, port, family, socket.SOCK_STREAM):
  File "C:\Users\Zara\anaconda3\lib\socket.py", line 954, in getaddrinfo
    for res in _socket.getaddrinfo(host, port, family, type, proto, flags):
socket.gaierror: [Errno 11001] getaddrinfo failed

During handling of the above exception, another exception occurred:

Traceback (most recent call last):
  File "C:\Users\Zara\anaconda3\lib\site-packages\urllib3\connectionpool.py", line 703, in urlopen
    httplib_response = self._make_request(
  File "C:\Users\Zara\anaconda3\lib\site-packages\urllib3\connectionpool.py", line 386, in _make_request
    self._validate_conn(conn)
  File "C:\Users\Zara\anaconda3\lib\site-packages\urllib3\connectionpool.py", line 1042, in _validate_conn
    conn.connect()
  File "C:\Users\Zara\anaconda3\lib\site-packages\urllib3\connection.py", line 358, in connect
    self.sock = conn = self._new_conn()
  File "C:\Users\Zara\anaconda3\lib\site-packages\urllib3\connection.py", line 186, in _new_conn
    raise NewConnectionError(
urllib3.exceptions.NewConnectionError: <urllib3.connection.HTTPSConnection object at 0x0000011735144280>: Failed to establish a new connection: [Errno 11001] getaddrinfo failed

During handling of the above exception, another exception occurred:

Traceback (most recent call last):
  File "C:\Users\Zara\anaconda3\lib\site-packages\requests\adapters.py", line 644, in send
    resp = conn.urlopen(
  File "C:\Users\Zara\anaconda3\lib\site-packages\urllib3\connectionpool.py", line 787, in urlopen
    retries = retries.increment(
  File "C:\Users\Zara\anaconda3\lib\site-packages\urllib3\util\retry.py", line 592, in increment
    raise MaxRetryError(_pool, url, error or ResponseError(cause))
urllib3.exceptions.MaxRetryError: HTTPSConnectionPool(host='router.project-osrm.org', port=443): Max retries exceeded with url: /table/v1/driving/-71.028348,42.2863071;-71.03,42.2754;-71.0446,42.3519;-71.0847,42.3625?sources=0&destinations=1%3B2%3B3&annotations=duration (Caused by NewConnectionError('<urllib3.connection.HTTPSConnection object at 0x0000011735144280>: Failed to establish a new connection: [Errno 11001] getaddrinfo failed'))

During handling of the above exception, another exception occurred:

Traceback (most recent call last):
  File "C:\Users\Zara\Documents\GitHub\Personal Projects\home-finder\src\driving_times.py", line 94, in _osrm_table
    resp = requests.get(
  File "C:\Users\Zara\anaconda3\lib\site-packages\requests\api.py", line 73, in get
    return request("get", url, params=params, **kwargs)
  File "C:\Users\Zara\anaconda3\lib\site-packages\requests\api.py", line 59, in request
    return session.request(method=method, url=url, **kwargs)
  File "C:\Users\Zara\anaconda3\lib\site-packages\requests\sessions.py", line 589, in request
    resp = self.send(prep, **send_kwargs)
  File "C:\Users\Zara\anaconda3\lib\site-packages\requests\sessions.py", line 703, in send
    r = adapter.send(request, **kwargs)
  File "C:\Users\Zara\anaconda3\lib\site-packages\requests\adapters.py", line 677, in send
    raise ConnectionError(e, request=request)
requests.exceptions.ConnectionError: HTTPSConnectionPool(host='router.project-osrm.org', port=443): Max retries exceeded with url: /table/v1/driving/-71.028348,42.2863071;-71.03,42.2754;-71.0446,42.3519;-71.0847,42.3625?sources=0&destinations=1%3B2%3B3&annotations=duration (Caused by NewConnectionError('<urllib3.connection.HTTPSConnection object at 0x0000011735144280>: Failed to establish a new connection: [Errno 11001] getaddrinfo failed'))
2026-02-19 12:53:36,773 [INFO] redfin-finder:   [13/79] Driving times for: 16 Winter Unit 26C, Waltham, MA 02451
2026-02-19 12:53:36,827 [ERROR] src.driving_times: OSRM table request failed
Traceback (most recent call last):
  File "C:\Users\Zara\anaconda3\lib\site-packages\urllib3\connection.py", line 174, in _new_conn
    conn = connection.create_connection(
  File "C:\Users\Zara\anaconda3\lib\site-packages\urllib3\util\connection.py", line 72, in create_connection
    for res in socket.getaddrinfo(host, port, family, socket.SOCK_STREAM):
  File "C:\Users\Zara\anaconda3\lib\socket.py", line 954, in getaddrinfo
    for res in _socket.getaddrinfo(host, port, family, type, proto, flags):
socket.gaierror: [Errno 11001] getaddrinfo failed

During handling of the above exception, another exception occurred:

Traceback (most recent call last):
  File "C:\Users\Zara\anaconda3\lib\site-packages\urllib3\connectionpool.py", line 703, in urlopen
    httplib_response = self._make_request(
  File "C:\Users\Zara\anaconda3\lib\site-packages\urllib3\connectionpool.py", line 386, in _make_request
    self._validate_conn(conn)
  File "C:\Users\Zara\anaconda3\lib\site-packages\urllib3\connectionpool.py", line 1042, in _validate_conn
    conn.connect()
  File "C:\Users\Zara\anaconda3\lib\site-packages\urllib3\connection.py", line 358, in connect
    self.sock = conn = self._new_conn()
  File "C:\Users\Zara\anaconda3\lib\site-packages\urllib3\connection.py", line 186, in _new_conn
    raise NewConnectionError(
urllib3.exceptions.NewConnectionError: <urllib3.connection.HTTPSConnection object at 0x00000117351443D0>: Failed to establish a new connection: [Errno 11001] getaddrinfo failed

During handling of the above exception, another exception occurred:

Traceback (most recent call last):
  File "C:\Users\Zara\anaconda3\lib\site-packages\requests\adapters.py", line 644, in send
    resp = conn.urlopen(
  File "C:\Users\Zara\anaconda3\lib\site-packages\urllib3\connectionpool.py", line 787, in urlopen
    retries = retries.increment(
  File "C:\Users\Zara\anaconda3\lib\site-packages\urllib3\util\retry.py", line 592, in increment
    raise MaxRetryError(_pool, url, error or ResponseError(cause))
urllib3.exceptions.MaxRetryError: HTTPSConnectionPool(host='router.project-osrm.org', port=443): Max retries exceeded with url: /table/v1/driving/-71.244242,42.39318;-71.2523,42.3372;-71.0446,42.3519;-71.0847,42.3625?sources=0&destinations=1%3B2%3B3&annotations=duration (Caused by NewConnectionError('<urllib3.connection.HTTPSConnection object at 0x00000117351443D0>: Failed to establish a new connection: [Errno 11001] getaddrinfo failed'))

During handling of the above exception, another exception occurred:

Traceback (most recent call last):
  File "C:\Users\Zara\Documents\GitHub\Personal Projects\home-finder\src\driving_times.py", line 94, in _osrm_table
    resp = requests.get(
  File "C:\Users\Zara\anaconda3\lib\site-packages\requests\api.py", line 73, in get
    return request("get", url, params=params, **kwargs)
  File "C:\Users\Zara\anaconda3\lib\site-packages\requests\api.py", line 59, in request
    return session.request(method=method, url=url, **kwargs)
  File "C:\Users\Zara\anaconda3\lib\site-packages\requests\sessions.py", line 589, in request
    resp = self.send(prep, **send_kwargs)
  File "C:\Users\Zara\anaconda3\lib\site-packages\requests\sessions.py", line 703, in send
    r = adapter.send(request, **kwargs)
  File "C:\Users\Zara\anaconda3\lib\site-packages\requests\adapters.py", line 677, in send
    raise ConnectionError(e, request=request)
requests.exceptions.ConnectionError: HTTPSConnectionPool(host='router.project-osrm.org', port=443): Max retries exceeded with url: /table/v1/driving/-71.244242,42.39318;-71.2523,42.3372;-71.0446,42.3519;-71.0847,42.3625?sources=0&destinations=1%3B2%3B3&annotations=duration (Caused by NewConnectionError('<urllib3.connection.HTTPSConnection object at 0x00000117351443D0>: Failed to establish a new connection: [Errno 11001] getaddrinfo failed'))
2026-02-19 12:53:37,929 [INFO] redfin-finder:   [14/79] Driving times for: 31 Warren St Unit B1, Waltham, MA 02453
2026-02-19 12:53:37,970 [ERROR] src.driving_times: OSRM table request failed
Traceback (most recent call last):
  File "C:\Users\Zara\anaconda3\lib\site-packages\urllib3\connection.py", line 174, in _new_conn
    conn = connection.create_connection(
  File "C:\Users\Zara\anaconda3\lib\site-packages\urllib3\util\connection.py", line 72, in create_connection
    for res in socket.getaddrinfo(host, port, family, socket.SOCK_STREAM):
  File "C:\Users\Zara\anaconda3\lib\socket.py", line 954, in getaddrinfo
    for res in _socket.getaddrinfo(host, port, family, type, proto, flags):
socket.gaierror: [Errno 11001] getaddrinfo failed

During handling of the above exception, another exception occurred:

Traceback (most recent call last):
  File "C:\Users\Zara\anaconda3\lib\site-packages\urllib3\connectionpool.py", line 703, in urlopen
    httplib_response = self._make_request(
  File "C:\Users\Zara\anaconda3\lib\site-packages\urllib3\connectionpool.py", line 386, in _make_request
    self._validate_conn(conn)
  File "C:\Users\Zara\anaconda3\lib\site-packages\urllib3\connectionpool.py", line 1042, in _validate_conn
    conn.connect()
  File "C:\Users\Zara\anaconda3\lib\site-packages\urllib3\connection.py", line 358, in connect
    self.sock = conn = self._new_conn()
  File "C:\Users\Zara\anaconda3\lib\site-packages\urllib3\connection.py", line 186, in _new_conn
    raise NewConnectionError(
urllib3.exceptions.NewConnectionError: <urllib3.connection.HTTPSConnection object at 0x0000011735144040>: Failed to establish a new connection: [Errno 11001] getaddrinfo failed

During handling of the above exception, another exception occurred:

Traceback (most recent call last):
  File "C:\Users\Zara\anaconda3\lib\site-packages\requests\adapters.py", line 644, in send
    resp = conn.urlopen(
  File "C:\Users\Zara\anaconda3\lib\site-packages\urllib3\connectionpool.py", line 787, in urlopen
    retries = retries.increment(
  File "C:\Users\Zara\anaconda3\lib\site-packages\urllib3\util\retry.py", line 592, in increment
    raise MaxRetryError(_pool, url, error or ResponseError(cause))
urllib3.exceptions.MaxRetryError: HTTPSConnectionPool(host='router.project-osrm.org', port=443): Max retries exceeded with url: /table/v1/driving/-71.2091952,42.3752248;-71.1921,42.3293;-71.0446,42.3519;-71.0847,42.3625?sources=0&destinations=1%3B2%3B3&annotations=duration (Caused by NewConnectionError('<urllib3.connection.HTTPSConnection object at 0x0000011735144040>: Failed to establish a new connection: [Errno 11001] getaddrinfo failed'))

During handling of the above exception, another exception occurred:

Traceback (most recent call last):
  File "C:\Users\Zara\Documents\GitHub\Personal Projects\home-finder\src\driving_times.py", line 94, in _osrm_table
    resp = requests.get(
  File "C:\Users\Zara\anaconda3\lib\site-packages\requests\api.py", line 73, in get
    return request("get", url, params=params, **kwargs)
  File "C:\Users\Zara\anaconda3\lib\site-packages\requests\api.py", line 59, in request
    return session.request(method=method, url=url, **kwargs)
  File "C:\Users\Zara\anaconda3\lib\site-packages\requests\sessions.py", line 589, in request
    resp = self.send(prep, **send_kwargs)
  File "C:\Users\Zara\anaconda3\lib\site-packages\requests\sessions.py", line 703, in send
    r = adapter.send(request, **kwargs)
  File "C:\Users\Zara\anaconda3\lib\site-packages\requests\adapters.py", line 677, in send
    raise ConnectionError(e, request=request)
requests.exceptions.ConnectionError: HTTPSConnectionPool(host='router.project-osrm.org', port=443): Max retries exceeded with url: /table/v1/driving/-71.2091952,42.3752248;-71.1921,42.3293;-71.0446,42.3519;-71.0847,42.3625?sources=0&destinations=1%3B2%3B3&annotations=duration (Caused by NewConnectionError('<urllib3.connection.HTTPSConnection object at 0x0000011735144040>: Failed to establish a new connection: [Errno 11001] getaddrinfo failed'))
2026-02-19 12:53:39,078 [INFO] redfin-finder:   [15/79] Driving times for: 10 Naviens Ln #1, Waltham, MA 02453
2026-02-19 12:53:39,142 [ERROR] src.driving_times: OSRM table request failed
Traceback (most recent call last):
  File "C:\Users\Zara\anaconda3\lib\site-packages\urllib3\connection.py", line 174, in _new_conn
    conn = connection.create_connection(
  File "C:\Users\Zara\anaconda3\lib\site-packages\urllib3\util\connection.py", line 72, in create_connection
    for res in socket.getaddrinfo(host, port, family, socket.SOCK_STREAM):
  File "C:\Users\Zara\anaconda3\lib\socket.py", line 954, in getaddrinfo
    for res in _socket.getaddrinfo(host, port, family, type, proto, flags):
socket.gaierror: [Errno 11001] getaddrinfo failed

During handling of the above exception, another exception occurred:

Traceback (most recent call last):
  File "C:\Users\Zara\anaconda3\lib\site-packages\urllib3\connectionpool.py", line 703, in urlopen
    httplib_response = self._make_request(
  File "C:\Users\Zara\anaconda3\lib\site-packages\urllib3\connectionpool.py", line 386, in _make_request
    self._validate_conn(conn)
  File "C:\Users\Zara\anaconda3\lib\site-packages\urllib3\connectionpool.py", line 1042, in _validate_conn
    conn.connect()
  File "C:\Users\Zara\anaconda3\lib\site-packages\urllib3\connection.py", line 358, in connect
    self.sock = conn = self._new_conn()
  File "C:\Users\Zara\anaconda3\lib\site-packages\urllib3\connection.py", line 186, in _new_conn
    raise NewConnectionError(
urllib3.exceptions.NewConnectionError: <urllib3.connection.HTTPSConnection object at 0x00000117351440A0>: Failed to establish a new connection: [Errno 11001] getaddrinfo failed

During handling of the above exception, another exception occurred:

Traceback (most recent call last):
  File "C:\Users\Zara\anaconda3\lib\site-packages\requests\adapters.py", line 644, in send
    resp = conn.urlopen(
  File "C:\Users\Zara\anaconda3\lib\site-packages\urllib3\connectionpool.py", line 787, in urlopen
    retries = retries.increment(
  File "C:\Users\Zara\anaconda3\lib\site-packages\urllib3\util\retry.py", line 592, in increment
    raise MaxRetryError(_pool, url, error or ResponseError(cause))
urllib3.exceptions.MaxRetryError: HTTPSConnectionPool(host='router.project-osrm.org', port=443): Max retries exceeded with url: /table/v1/driving/-71.2196321,42.3714777;-71.2523,42.3372;-71.0446,42.3519;-71.0847,42.3625?sources=0&destinations=1%3B2%3B3&annotations=duration (Caused by NewConnectionError('<urllib3.connection.HTTPSConnection object at 0x00000117351440A0>: Failed to establish a new connection: [Errno 11001] getaddrinfo failed'))

During handling of the above exception, another exception occurred:

Traceback (most recent call last):
  File "C:\Users\Zara\Documents\GitHub\Personal Projects\home-finder\src\driving_times.py", line 94, in _osrm_table
    resp = requests.get(
  File "C:\Users\Zara\anaconda3\lib\site-packages\requests\api.py", line 73, in get
    return request("get", url, params=params, **kwargs)
  File "C:\Users\Zara\anaconda3\lib\site-packages\requests\api.py", line 59, in request
    return session.request(method=method, url=url, **kwargs)
  File "C:\Users\Zara\anaconda3\lib\site-packages\requests\sessions.py", line 589, in request
    resp = self.send(prep, **send_kwargs)
  File "C:\Users\Zara\anaconda3\lib\site-packages\requests\sessions.py", line 703, in send
    r = adapter.send(request, **kwargs)
  File "C:\Users\Zara\anaconda3\lib\site-packages\requests\adapters.py", line 677, in send
    raise ConnectionError(e, request=request)
requests.exceptions.ConnectionError: HTTPSConnectionPool(host='router.project-osrm.org', port=443): Max retries exceeded with url: /table/v1/driving/-71.2196321,42.3714777;-71.2523,42.3372;-71.0446,42.3519;-71.0847,42.3625?sources=0&destinations=1%3B2%3B3&annotations=duration (Caused by NewConnectionError('<urllib3.connection.HTTPSConnection object at 0x00000117351440A0>: Failed to establish a new connection: [Errno 11001] getaddrinfo failed'))
2026-02-19 12:53:40,249 [INFO] redfin-finder:   [16/79] Driving times for: 975 Washington Streeet, Newton, MA 02460
2026-02-19 12:53:40,312 [ERROR] src.driving_times: OSRM table request failed
Traceback (most recent call last):
  File "C:\Users\Zara\anaconda3\lib\site-packages\urllib3\connection.py", line 174, in _new_conn
    conn = connection.create_connection(
  File "C:\Users\Zara\anaconda3\lib\site-packages\urllib3\util\connection.py", line 72, in create_connection
    for res in socket.getaddrinfo(host, port, family, socket.SOCK_STREAM):
  File "C:\Users\Zara\anaconda3\lib\socket.py", line 954, in getaddrinfo
    for res in _socket.getaddrinfo(host, port, family, type, proto, flags):
socket.gaierror: [Errno 11001] getaddrinfo failed

During handling of the above exception, another exception occurred:

Traceback (most recent call last):
  File "C:\Users\Zara\anaconda3\lib\site-packages\urllib3\connectionpool.py", line 703, in urlopen
    httplib_response = self._make_request(
  File "C:\Users\Zara\anaconda3\lib\site-packages\urllib3\connectionpool.py", line 386, in _make_request
    self._validate_conn(conn)
  File "C:\Users\Zara\anaconda3\lib\site-packages\urllib3\connectionpool.py", line 1042, in _validate_conn
    conn.connect()
  File "C:\Users\Zara\anaconda3\lib\site-packages\urllib3\connection.py", line 358, in connect
    self.sock = conn = self._new_conn()
  File "C:\Users\Zara\anaconda3\lib\site-packages\urllib3\connection.py", line 186, in _new_conn
    raise NewConnectionError(
urllib3.exceptions.NewConnectionError: <urllib3.connection.HTTPSConnection object at 0x00000117351441F0>: Failed to establish a new connection: [Errno 11001] getaddrinfo failed

During handling of the above exception, another exception occurred:

Traceback (most recent call last):
  File "C:\Users\Zara\anaconda3\lib\site-packages\requests\adapters.py", line 644, in send
    resp = conn.urlopen(
  File "C:\Users\Zara\anaconda3\lib\site-packages\urllib3\connectionpool.py", line 787, in urlopen
    retries = retries.increment(
  File "C:\Users\Zara\anaconda3\lib\site-packages\urllib3\util\retry.py", line 592, in increment
    raise MaxRetryError(_pool, url, error or ResponseError(cause))
urllib3.exceptions.MaxRetryError: HTTPSConnectionPool(host='router.project-osrm.org', port=443): Max retries exceeded with url: /table/v1/driving/-71.2125167,42.3510551;-71.1921,42.3293;-71.0446,42.3519;-71.0847,42.3625?sources=0&destinations=1%3B2%3B3&annotations=duration (Caused by NewConnectionError('<urllib3.connection.HTTPSConnection object at 0x00000117351441F0>: Failed to establish a new connection: [Errno 11001] getaddrinfo failed'))

During handling of the above exception, another exception occurred:

Traceback (most recent call last):
  File "C:\Users\Zara\Documents\GitHub\Personal Projects\home-finder\src\driving_times.py", line 94, in _osrm_table
    resp = requests.get(
  File "C:\Users\Zara\anaconda3\lib\site-packages\requests\api.py", line 73, in get
    return request("get", url, params=params, **kwargs)
  File "C:\Users\Zara\anaconda3\lib\site-packages\requests\api.py", line 59, in request
    return session.request(method=method, url=url, **kwargs)
  File "C:\Users\Zara\anaconda3\lib\site-packages\requests\sessions.py", line 589, in request
    resp = self.send(prep, **send_kwargs)
  File "C:\Users\Zara\anaconda3\lib\site-packages\requests\sessions.py", line 703, in send
    r = adapter.send(request, **kwargs)
  File "C:\Users\Zara\anaconda3\lib\site-packages\requests\adapters.py", line 677, in send
    raise ConnectionError(e, request=request)
requests.exceptions.ConnectionError: HTTPSConnectionPool(host='router.project-osrm.org', port=443): Max retries exceeded with url: /table/v1/driving/-71.2125167,42.3510551;-71.1921,42.3293;-71.0446,42.3519;-71.0847,42.3625?sources=0&destinations=1%3B2%3B3&annotations=duration (Caused by NewConnectionError('<urllib3.connection.HTTPSConnection object at 0x00000117351441F0>: Failed to establish a new connection: [Errno 11001] getaddrinfo failed'))
2026-02-19 12:53:41,419 [INFO] redfin-finder:   [17/79] Driving times for: 1151 Walnut #304, Newton, MA 02461
2026-02-19 12:53:41,467 [ERROR] src.driving_times: OSRM table request failed
Traceback (most recent call last):
  File "C:\Users\Zara\anaconda3\lib\site-packages\urllib3\connection.py", line 174, in _new_conn
    conn = connection.create_connection(
  File "C:\Users\Zara\anaconda3\lib\site-packages\urllib3\util\connection.py", line 72, in create_connection
    for res in socket.getaddrinfo(host, port, family, socket.SOCK_STREAM):
  File "C:\Users\Zara\anaconda3\lib\socket.py", line 954, in getaddrinfo
    for res in _socket.getaddrinfo(host, port, family, type, proto, flags):
socket.gaierror: [Errno 11001] getaddrinfo failed

During handling of the above exception, another exception occurred:

Traceback (most recent call last):
  File "C:\Users\Zara\anaconda3\lib\site-packages\urllib3\connectionpool.py", line 703, in urlopen
    httplib_response = self._make_request(
  File "C:\Users\Zara\anaconda3\lib\site-packages\urllib3\connectionpool.py", line 386, in _make_request
    self._validate_conn(conn)
  File "C:\Users\Zara\anaconda3\lib\site-packages\urllib3\connectionpool.py", line 1042, in _validate_conn
    conn.connect()
  File "C:\Users\Zara\anaconda3\lib\site-packages\urllib3\connection.py", line 358, in connect
    self.sock = conn = self._new_conn()
  File "C:\Users\Zara\anaconda3\lib\site-packages\urllib3\connection.py", line 186, in _new_conn
    raise NewConnectionError(
urllib3.exceptions.NewConnectionError: <urllib3.connection.HTTPSConnection object at 0x0000011735144280>: Failed to establish a new connection: [Errno 11001] getaddrinfo failed

During handling of the above exception, another exception occurred:

Traceback (most recent call last):
  File "C:\Users\Zara\anaconda3\lib\site-packages\requests\adapters.py", line 644, in send
    resp = conn.urlopen(
  File "C:\Users\Zara\anaconda3\lib\site-packages\urllib3\connectionpool.py", line 787, in urlopen
    retries = retries.increment(
  File "C:\Users\Zara\anaconda3\lib\site-packages\urllib3\util\retry.py", line 592, in increment
    raise MaxRetryError(_pool, url, error or ResponseError(cause))
urllib3.exceptions.MaxRetryError: HTTPSConnectionPool(host='router.project-osrm.org', port=443): Max retries exceeded with url: /table/v1/driving/-71.2069769,42.3220081;-71.206,42.3219;-71.0446,42.3519;-71.0847,42.3625?sources=0&destinations=1%3B2%3B3&annotations=duration (Caused by NewConnectionError('<urllib3.connection.HTTPSConnection object at 0x0000011735144280>: Failed to establish a new connection: [Errno 11001] getaddrinfo failed'))

During handling of the above exception, another exception occurred:

Traceback (most recent call last):
  File "C:\Users\Zara\Documents\GitHub\Personal Projects\home-finder\src\driving_times.py", line 94, in _osrm_table
    resp = requests.get(
  File "C:\Users\Zara\anaconda3\lib\site-packages\requests\api.py", line 73, in get
    return request("get", url, params=params, **kwargs)
  File "C:\Users\Zara\anaconda3\lib\site-packages\requests\api.py", line 59, in request
    return session.request(method=method, url=url, **kwargs)
  File "C:\Users\Zara\anaconda3\lib\site-packages\requests\sessions.py", line 589, in request
    resp = self.send(prep, **send_kwargs)
  File "C:\Users\Zara\anaconda3\lib\site-packages\requests\sessions.py", line 703, in send
    r = adapter.send(request, **kwargs)
  File "C:\Users\Zara\anaconda3\lib\site-packages\requests\adapters.py", line 677, in send
    raise ConnectionError(e, request=request)
requests.exceptions.ConnectionError: HTTPSConnectionPool(host='router.project-osrm.org', port=443): Max retries exceeded with url: /table/v1/driving/-71.2069769,42.3220081;-71.206,42.3219;-71.0446,42.3519;-71.0847,42.3625?sources=0&destinations=1%3B2%3B3&annotations=duration (Caused by NewConnectionError('<urllib3.connection.HTTPSConnection object at 0x0000011735144280>: Failed to establish a new connection: [Errno 11001] getaddrinfo failed'))
2026-02-19 12:53:42,579 [INFO] redfin-finder:   [18/79] Driving times for: 1151 Walnut #207, Newton, MA 02461
2026-02-19 12:53:42,644 [ERROR] src.driving_times: OSRM table request failed
Traceback (most recent call last):
  File "C:\Users\Zara\anaconda3\lib\site-packages\urllib3\connection.py", line 174, in _new_conn
    conn = connection.create_connection(
  File "C:\Users\Zara\anaconda3\lib\site-packages\urllib3\util\connection.py", line 72, in create_connection
    for res in socket.getaddrinfo(host, port, family, socket.SOCK_STREAM):
  File "C:\Users\Zara\anaconda3\lib\socket.py", line 954, in getaddrinfo
    for res in _socket.getaddrinfo(host, port, family, type, proto, flags):
socket.gaierror: [Errno 11001] getaddrinfo failed

During handling of the above exception, another exception occurred:

Traceback (most recent call last):
  File "C:\Users\Zara\anaconda3\lib\site-packages\urllib3\connectionpool.py", line 703, in urlopen
    httplib_response = self._make_request(
  File "C:\Users\Zara\anaconda3\lib\site-packages\urllib3\connectionpool.py", line 386, in _make_request
    self._validate_conn(conn)
  File "C:\Users\Zara\anaconda3\lib\site-packages\urllib3\connectionpool.py", line 1042, in _validate_conn
    conn.connect()
  File "C:\Users\Zara\anaconda3\lib\site-packages\urllib3\connection.py", line 358, in connect
    self.sock = conn = self._new_conn()
  File "C:\Users\Zara\anaconda3\lib\site-packages\urllib3\connection.py", line 186, in _new_conn
    raise NewConnectionError(
urllib3.exceptions.NewConnectionError: <urllib3.connection.HTTPSConnection object at 0x00000117351443D0>: Failed to establish a new connection: [Errno 11001] getaddrinfo failed

During handling of the above exception, another exception occurred:

Traceback (most recent call last):
  File "C:\Users\Zara\anaconda3\lib\site-packages\requests\adapters.py", line 644, in send
    resp = conn.urlopen(
  File "C:\Users\Zara\anaconda3\lib\site-packages\urllib3\connectionpool.py", line 787, in urlopen
    retries = retries.increment(
  File "C:\Users\Zara\anaconda3\lib\site-packages\urllib3\util\retry.py", line 592, in increment
    raise MaxRetryError(_pool, url, error or ResponseError(cause))
urllib3.exceptions.MaxRetryError: HTTPSConnectionPool(host='router.project-osrm.org', port=443): Max retries exceeded with url: /table/v1/driving/-71.2069769,42.3220081;-71.206,42.3219;-71.0446,42.3519;-71.0847,42.3625?sources=0&destinations=1%3B2%3B3&annotations=duration (Caused by NewConnectionError('<urllib3.connection.HTTPSConnection object at 0x00000117351443D0>: Failed to establish a new connection: [Errno 11001] getaddrinfo failed'))

During handling of the above exception, another exception occurred:

Traceback (most recent call last):
  File "C:\Users\Zara\Documents\GitHub\Personal Projects\home-finder\src\driving_times.py", line 94, in _osrm_table
    resp = requests.get(
  File "C:\Users\Zara\anaconda3\lib\site-packages\requests\api.py", line 73, in get
    return request("get", url, params=params, **kwargs)
  File "C:\Users\Zara\anaconda3\lib\site-packages\requests\api.py", line 59, in request
    return session.request(method=method, url=url, **kwargs)
  File "C:\Users\Zara\anaconda3\lib\site-packages\requests\sessions.py", line 589, in request
    resp = self.send(prep, **send_kwargs)
  File "C:\Users\Zara\anaconda3\lib\site-packages\requests\sessions.py", line 703, in send
    r = adapter.send(request, **kwargs)
  File "C:\Users\Zara\anaconda3\lib\site-packages\requests\adapters.py", line 677, in send
    raise ConnectionError(e, request=request)
requests.exceptions.ConnectionError: HTTPSConnectionPool(host='router.project-osrm.org', port=443): Max retries exceeded with url: /table/v1/driving/-71.2069769,42.3220081;-71.206,42.3219;-71.0446,42.3519;-71.0847,42.3625?sources=0&destinations=1%3B2%3B3&annotations=duration (Caused by NewConnectionError('<urllib3.connection.HTTPSConnection object at 0x00000117351443D0>: Failed to establish a new connection: [Errno 11001] getaddrinfo failed'))
2026-02-19 12:53:43,749 [INFO] redfin-finder:   [19/79] Driving times for: 14-16 Cottage Pl #14, Newton, MA 02465
2026-02-19 12:53:43,787 [ERROR] src.driving_times: OSRM table request failed
Traceback (most recent call last):
  File "C:\Users\Zara\anaconda3\lib\site-packages\urllib3\connection.py", line 174, in _new_conn
    conn = connection.create_connection(
  File "C:\Users\Zara\anaconda3\lib\site-packages\urllib3\util\connection.py", line 72, in create_connection
    for res in socket.getaddrinfo(host, port, family, socket.SOCK_STREAM):
  File "C:\Users\Zara\anaconda3\lib\socket.py", line 954, in getaddrinfo
    for res in _socket.getaddrinfo(host, port, family, type, proto, flags):
socket.gaierror: [Errno 11001] getaddrinfo failed

During handling of the above exception, another exception occurred:

Traceback (most recent call last):
  File "C:\Users\Zara\anaconda3\lib\site-packages\urllib3\connectionpool.py", line 703, in urlopen
    httplib_response = self._make_request(
  File "C:\Users\Zara\anaconda3\lib\site-packages\urllib3\connectionpool.py", line 386, in _make_request
    self._validate_conn(conn)
  File "C:\Users\Zara\anaconda3\lib\site-packages\urllib3\connectionpool.py", line 1042, in _validate_conn
    conn.connect()
  File "C:\Users\Zara\anaconda3\lib\site-packages\urllib3\connection.py", line 358, in connect
    self.sock = conn = self._new_conn()
  File "C:\Users\Zara\anaconda3\lib\site-packages\urllib3\connection.py", line 186, in _new_conn
    raise NewConnectionError(
urllib3.exceptions.NewConnectionError: <urllib3.connection.HTTPSConnection object at 0x0000011735144040>: Failed to establish a new connection: [Errno 11001] getaddrinfo failed

During handling of the above exception, another exception occurred:

Traceback (most recent call last):
  File "C:\Users\Zara\anaconda3\lib\site-packages\requests\adapters.py", line 644, in send
    resp = conn.urlopen(
  File "C:\Users\Zara\anaconda3\lib\site-packages\urllib3\connectionpool.py", line 787, in urlopen
    retries = retries.increment(
  File "C:\Users\Zara\anaconda3\lib\site-packages\urllib3\util\retry.py", line 592, in increment
    raise MaxRetryError(_pool, url, error or ResponseError(cause))
urllib3.exceptions.MaxRetryError: HTTPSConnectionPool(host='router.project-osrm.org', port=443): Max retries exceeded with url: /table/v1/driving/-71.2311211,42.3531866;-71.243,42.333;-71.0446,42.3519;-71.0847,42.3625?sources=0&destinations=1%3B2%3B3&annotations=duration (Caused by NewConnectionError('<urllib3.connection.HTTPSConnection object at 0x0000011735144040>: Failed to establish a new connection: [Errno 11001] getaddrinfo failed'))

During handling of the above exception, another exception occurred:

Traceback (most recent call last):
  File "C:\Users\Zara\Documents\GitHub\Personal Projects\home-finder\src\driving_times.py", line 94, in _osrm_table
    resp = requests.get(
  File "C:\Users\Zara\anaconda3\lib\site-packages\requests\api.py", line 73, in get
    return request("get", url, params=params, **kwargs)
  File "C:\Users\Zara\anaconda3\lib\site-packages\requests\api.py", line 59, in request
    return session.request(method=method, url=url, **kwargs)
  File "C:\Users\Zara\anaconda3\lib\site-packages\requests\sessions.py", line 589, in request
    resp = self.send(prep, **send_kwargs)
  File "C:\Users\Zara\anaconda3\lib\site-packages\requests\sessions.py", line 703, in send
    r = adapter.send(request, **kwargs)
  File "C:\Users\Zara\anaconda3\lib\site-packages\requests\adapters.py", line 677, in send
    raise ConnectionError(e, request=request)
requests.exceptions.ConnectionError: HTTPSConnectionPool(host='router.project-osrm.org', port=443): Max retries exceeded with url: /table/v1/driving/-71.2311211,42.3531866;-71.243,42.333;-71.0446,42.3519;-71.0847,42.3625?sources=0&destinations=1%3B2%3B3&annotations=duration (Caused by NewConnectionError('<urllib3.connection.HTTPSConnection object at 0x0000011735144040>: Failed to establish a new connection: [Errno 11001] getaddrinfo failed'))
2026-02-19 12:53:44,901 [INFO] redfin-finder:   [20/79] Driving times for: 10 Hammond Pond Pkwy #606, Chestnut Hill, MA 02467
2026-02-19 12:53:45,818 [ERROR] src.driving_times: OSRM table request failed
Traceback (most recent call last):
  File "C:\Users\Zara\anaconda3\lib\site-packages\urllib3\connectionpool.py", line 703, in urlopen
    httplib_response = self._make_request(
  File "C:\Users\Zara\anaconda3\lib\site-packages\urllib3\connectionpool.py", line 386, in _make_request
    self._validate_conn(conn)
  File "C:\Users\Zara\anaconda3\lib\site-packages\urllib3\connectionpool.py", line 1042, in _validate_conn
    conn.connect()
  File "C:\Users\Zara\anaconda3\lib\site-packages\urllib3\connection.py", line 414, in connect
    self.sock = ssl_wrap_socket(
  File "C:\Users\Zara\anaconda3\lib\site-packages\urllib3\util\ssl_.py", line 449, in ssl_wrap_socket
    ssl_sock = _ssl_wrap_socket_impl(
  File "C:\Users\Zara\anaconda3\lib\site-packages\urllib3\util\ssl_.py", line 493, in _ssl_wrap_socket_impl
    return ssl_context.wrap_socket(sock, server_hostname=server_hostname)
  File "C:\Users\Zara\anaconda3\lib\ssl.py", line 501, in wrap_socket
    return self.sslsocket_class._create(
  File "C:\Users\Zara\anaconda3\lib\ssl.py", line 1041, in _create
    self.do_handshake()
  File "C:\Users\Zara\anaconda3\lib\ssl.py", line 1310, in do_handshake
    self._sslobj.do_handshake()
ssl.SSLError: [SSL: WRONG_VERSION_NUMBER] wrong version number (_ssl.c:1129)

During handling of the above exception, another exception occurred:

Traceback (most recent call last):
  File "C:\Users\Zara\anaconda3\lib\site-packages\requests\adapters.py", line 644, in send
    resp = conn.urlopen(
  File "C:\Users\Zara\anaconda3\lib\site-packages\urllib3\connectionpool.py", line 787, in urlopen
    retries = retries.increment(
  File "C:\Users\Zara\anaconda3\lib\site-packages\urllib3\util\retry.py", line 592, in increment
    raise MaxRetryError(_pool, url, error or ResponseError(cause))
urllib3.exceptions.MaxRetryError: HTTPSConnectionPool(host='router.project-osrm.org', port=443): Max retries exceeded with url: /table/v1/driving/-71.1723646,42.319709;-71.1646,42.3268;-71.0446,42.3519;-71.0847,42.3625?sources=0&destinations=1%3B2%3B3&annotations=duration (Caused by SSLError(SSLError(1, '[SSL: WRONG_VERSION_NUMBER] wrong version number (_ssl.c:1129)')))

During handling of the above exception, another exception occurred:

Traceback (most recent call last):
  File "C:\Users\Zara\Documents\GitHub\Personal Projects\home-finder\src\driving_times.py", line 94, in _osrm_table
    resp = requests.get(
  File "C:\Users\Zara\anaconda3\lib\site-packages\requests\api.py", line 73, in get
    return request("get", url, params=params, **kwargs)
  File "C:\Users\Zara\anaconda3\lib\site-packages\requests\api.py", line 59, in request
    return session.request(method=method, url=url, **kwargs)
  File "C:\Users\Zara\anaconda3\lib\site-packages\requests\sessions.py", line 589, in request
    resp = self.send(prep, **send_kwargs)
  File "C:\Users\Zara\anaconda3\lib\site-packages\requests\sessions.py", line 703, in send
    r = adapter.send(request, **kwargs)
  File "C:\Users\Zara\anaconda3\lib\site-packages\requests\adapters.py", line 675, in send
    raise SSLError(e, request=request)
requests.exceptions.SSLError: HTTPSConnectionPool(host='router.project-osrm.org', port=443): Max retries exceeded with url: /table/v1/driving/-71.1723646,42.319709;-71.1646,42.3268;-71.0446,42.3519;-71.0847,42.3625?sources=0&destinations=1%3B2%3B3&annotations=duration (Caused by SSLError(SSLError(1, '[SSL: WRONG_VERSION_NUMBER] wrong version number (_ssl.c:1129)')))
2026-02-19 12:53:46,924 [INFO] redfin-finder:   [21/79] Driving times for: 60 Bryon Rd #1, Chestnut Hill, MA 02467
2026-02-19 12:53:50,013 [INFO] redfin-finder:   [22/79] Driving times for: 66 Bryon Rd #2, Chestnut Hill, MA 02467
2026-02-19 12:53:50,928 [ERROR] src.driving_times: OSRM table request failed
Traceback (most recent call last):
  File "C:\Users\Zara\anaconda3\lib\site-packages\urllib3\connectionpool.py", line 703, in urlopen
    httplib_response = self._make_request(
  File "C:\Users\Zara\anaconda3\lib\site-packages\urllib3\connectionpool.py", line 386, in _make_request
    self._validate_conn(conn)
  File "C:\Users\Zara\anaconda3\lib\site-packages\urllib3\connectionpool.py", line 1042, in _validate_conn
    conn.connect()
  File "C:\Users\Zara\anaconda3\lib\site-packages\urllib3\connection.py", line 414, in connect
    self.sock = ssl_wrap_socket(
  File "C:\Users\Zara\anaconda3\lib\site-packages\urllib3\util\ssl_.py", line 449, in ssl_wrap_socket
    ssl_sock = _ssl_wrap_socket_impl(
  File "C:\Users\Zara\anaconda3\lib\site-packages\urllib3\util\ssl_.py", line 493, in _ssl_wrap_socket_impl
    return ssl_context.wrap_socket(sock, server_hostname=server_hostname)
  File "C:\Users\Zara\anaconda3\lib\ssl.py", line 501, in wrap_socket
    return self.sslsocket_class._create(
  File "C:\Users\Zara\anaconda3\lib\ssl.py", line 1041, in _create
    self.do_handshake()
  File "C:\Users\Zara\anaconda3\lib\ssl.py", line 1310, in do_handshake
    self._sslobj.do_handshake()
ConnectionResetError: [WinError 10054] An existing connection was forcibly closed by the remote host

During handling of the above exception, another exception occurred:

Traceback (most recent call last):
  File "C:\Users\Zara\anaconda3\lib\site-packages\requests\adapters.py", line 644, in send
    resp = conn.urlopen(
  File "C:\Users\Zara\anaconda3\lib\site-packages\urllib3\connectionpool.py", line 787, in urlopen
    retries = retries.increment(
  File "C:\Users\Zara\anaconda3\lib\site-packages\urllib3\util\retry.py", line 550, in increment
    raise six.reraise(type(error), error, _stacktrace)
  File "C:\Users\Zara\anaconda3\lib\site-packages\urllib3\packages\six.py", line 769, in reraise
    raise value.with_traceback(tb)
  File "C:\Users\Zara\anaconda3\lib\site-packages\urllib3\connectionpool.py", line 703, in urlopen
    httplib_response = self._make_request(
  File "C:\Users\Zara\anaconda3\lib\site-packages\urllib3\connectionpool.py", line 386, in _make_request
    self._validate_conn(conn)
  File "C:\Users\Zara\anaconda3\lib\site-packages\urllib3\connectionpool.py", line 1042, in _validate_conn
    conn.connect()
  File "C:\Users\Zara\anaconda3\lib\site-packages\urllib3\connection.py", line 414, in connect
    self.sock = ssl_wrap_socket(
  File "C:\Users\Zara\anaconda3\lib\site-packages\urllib3\util\ssl_.py", line 449, in ssl_wrap_socket
    ssl_sock = _ssl_wrap_socket_impl(
  File "C:\Users\Zara\anaconda3\lib\site-packages\urllib3\util\ssl_.py", line 493, in _ssl_wrap_socket_impl
    return ssl_context.wrap_socket(sock, server_hostname=server_hostname)
  File "C:\Users\Zara\anaconda3\lib\ssl.py", line 501, in wrap_socket
    return self.sslsocket_class._create(
  File "C:\Users\Zara\anaconda3\lib\ssl.py", line 1041, in _create
    self.do_handshake()
  File "C:\Users\Zara\anaconda3\lib\ssl.py", line 1310, in do_handshake
    self._sslobj.do_handshake()
urllib3.exceptions.ProtocolError: ('Connection aborted.', ConnectionResetError(10054, 'An existing connection was forcibly closed by the remote host', None, 10054, None))

During handling of the above exception, another exception occurred:

Traceback (most recent call last):
  File "C:\Users\Zara\Documents\GitHub\Personal Projects\home-finder\src\driving_times.py", line 94, in _osrm_table
    resp = requests.get(
  File "C:\Users\Zara\anaconda3\lib\site-packages\requests\api.py", line 73, in get
    return request("get", url, params=params, **kwargs)
  File "C:\Users\Zara\anaconda3\lib\site-packages\requests\api.py", line 59, in request
    return session.request(method=method, url=url, **kwargs)
  File "C:\Users\Zara\anaconda3\lib\site-packages\requests\sessions.py", line 589, in request
    resp = self.send(prep, **send_kwargs)
  File "C:\Users\Zara\anaconda3\lib\site-packages\requests\sessions.py", line 703, in send
    r = adapter.send(request, **kwargs)
  File "C:\Users\Zara\anaconda3\lib\site-packages\requests\adapters.py", line 659, in send
    raise ConnectionError(err, request=request)
requests.exceptions.ConnectionError: ('Connection aborted.', ConnectionResetError(10054, 'An existing connection was forcibly closed by the remote host', None, 10054, None))
2026-02-19 12:53:52,039 [INFO] redfin-finder:   [23/79] Driving times for: 39 Commonwealth Ave #31, Chestnut Hill, MA 02467
2026-02-19 12:53:52,914 [ERROR] src.driving_times: OSRM table request failed
Traceback (most recent call last):
  File "C:\Users\Zara\anaconda3\lib\site-packages\urllib3\connectionpool.py", line 703, in urlopen
    httplib_response = self._make_request(
  File "C:\Users\Zara\anaconda3\lib\site-packages\urllib3\connectionpool.py", line 386, in _make_request
    self._validate_conn(conn)
  File "C:\Users\Zara\anaconda3\lib\site-packages\urllib3\connectionpool.py", line 1042, in _validate_conn
    conn.connect()
  File "C:\Users\Zara\anaconda3\lib\site-packages\urllib3\connection.py", line 414, in connect
    self.sock = ssl_wrap_socket(
  File "C:\Users\Zara\anaconda3\lib\site-packages\urllib3\util\ssl_.py", line 449, in ssl_wrap_socket
    ssl_sock = _ssl_wrap_socket_impl(
  File "C:\Users\Zara\anaconda3\lib\site-packages\urllib3\util\ssl_.py", line 493, in _ssl_wrap_socket_impl
    return ssl_context.wrap_socket(sock, server_hostname=server_hostname)
  File "C:\Users\Zara\anaconda3\lib\ssl.py", line 501, in wrap_socket
    return self.sslsocket_class._create(
  File "C:\Users\Zara\anaconda3\lib\ssl.py", line 1041, in _create
    self.do_handshake()
  File "C:\Users\Zara\anaconda3\lib\ssl.py", line 1310, in do_handshake
    self._sslobj.do_handshake()
ConnectionResetError: [WinError 10054] An existing connection was forcibly closed by the remote host

During handling of the above exception, another exception occurred:

Traceback (most recent call last):
  File "C:\Users\Zara\anaconda3\lib\site-packages\requests\adapters.py", line 644, in send
    resp = conn.urlopen(
  File "C:\Users\Zara\anaconda3\lib\site-packages\urllib3\connectionpool.py", line 787, in urlopen
    retries = retries.increment(
  File "C:\Users\Zara\anaconda3\lib\site-packages\urllib3\util\retry.py", line 550, in increment
    raise six.reraise(type(error), error, _stacktrace)
  File "C:\Users\Zara\anaconda3\lib\site-packages\urllib3\packages\six.py", line 769, in reraise
    raise value.with_traceback(tb)
  File "C:\Users\Zara\anaconda3\lib\site-packages\urllib3\connectionpool.py", line 703, in urlopen
    httplib_response = self._make_request(
  File "C:\Users\Zara\anaconda3\lib\site-packages\urllib3\connectionpool.py", line 386, in _make_request
    self._validate_conn(conn)
  File "C:\Users\Zara\anaconda3\lib\site-packages\urllib3\connectionpool.py", line 1042, in _validate_conn
    conn.connect()
  File "C:\Users\Zara\anaconda3\lib\site-packages\urllib3\connection.py", line 414, in connect
    self.sock = ssl_wrap_socket(
  File "C:\Users\Zara\anaconda3\lib\site-packages\urllib3\util\ssl_.py", line 449, in ssl_wrap_socket
    ssl_sock = _ssl_wrap_socket_impl(
  File "C:\Users\Zara\anaconda3\lib\site-packages\urllib3\util\ssl_.py", line 493, in _ssl_wrap_socket_impl
    return ssl_context.wrap_socket(sock, server_hostname=server_hostname)
  File "C:\Users\Zara\anaconda3\lib\ssl.py", line 501, in wrap_socket
    return self.sslsocket_class._create(
  File "C:\Users\Zara\anaconda3\lib\ssl.py", line 1041, in _create
    self.do_handshake()
  File "C:\Users\Zara\anaconda3\lib\ssl.py", line 1310, in do_handshake
    self._sslobj.do_handshake()
urllib3.exceptions.ProtocolError: ('Connection aborted.', ConnectionResetError(10054, 'An existing connection was forcibly closed by the remote host', None, 10054, None))

During handling of the above exception, another exception occurred:

Traceback (most recent call last):
  File "C:\Users\Zara\Documents\GitHub\Personal Projects\home-finder\src\driving_times.py", line 94, in _osrm_table
    resp = requests.get(
  File "C:\Users\Zara\anaconda3\lib\site-packages\requests\api.py", line 73, in get
    return request("get", url, params=params, **kwargs)
  File "C:\Users\Zara\anaconda3\lib\site-packages\requests\api.py", line 59, in request
    return session.request(method=method, url=url, **kwargs)
  File "C:\Users\Zara\anaconda3\lib\site-packages\requests\sessions.py", line 589, in request
    resp = self.send(prep, **send_kwargs)
  File "C:\Users\Zara\anaconda3\lib\site-packages\requests\sessions.py", line 703, in send
    r = adapter.send(request, **kwargs)
  File "C:\Users\Zara\anaconda3\lib\site-packages\requests\adapters.py", line 659, in send
    raise ConnectionError(err, request=request)
requests.exceptions.ConnectionError: ('Connection aborted.', ConnectionResetError(10054, 'An existing connection was forcibly closed by the remote host', None, 10054, None))
2026-02-19 12:53:54,022 [INFO] redfin-finder:   [24/79] Driving times for: 42 Bryon Rd #6, Chestnut Hill, MA 02132
2026-02-19 12:53:54,885 [ERROR] src.driving_times: OSRM table request failed
Traceback (most recent call last):
  File "C:\Users\Zara\anaconda3\lib\site-packages\urllib3\connectionpool.py", line 703, in urlopen
    httplib_response = self._make_request(
  File "C:\Users\Zara\anaconda3\lib\site-packages\urllib3\connectionpool.py", line 386, in _make_request
    self._validate_conn(conn)
  File "C:\Users\Zara\anaconda3\lib\site-packages\urllib3\connectionpool.py", line 1042, in _validate_conn
    conn.connect()
  File "C:\Users\Zara\anaconda3\lib\site-packages\urllib3\connection.py", line 414, in connect
    self.sock = ssl_wrap_socket(
  File "C:\Users\Zara\anaconda3\lib\site-packages\urllib3\util\ssl_.py", line 449, in ssl_wrap_socket
    ssl_sock = _ssl_wrap_socket_impl(
  File "C:\Users\Zara\anaconda3\lib\site-packages\urllib3\util\ssl_.py", line 493, in _ssl_wrap_socket_impl
    return ssl_context.wrap_socket(sock, server_hostname=server_hostname)
  File "C:\Users\Zara\anaconda3\lib\ssl.py", line 501, in wrap_socket
    return self.sslsocket_class._create(
  File "C:\Users\Zara\anaconda3\lib\ssl.py", line 1041, in _create
    self.do_handshake()
  File "C:\Users\Zara\anaconda3\lib\ssl.py", line 1310, in do_handshake
    self._sslobj.do_handshake()
ConnectionResetError: [WinError 10054] An existing connection was forcibly closed by the remote host

During handling of the above exception, another exception occurred:

Traceback (most recent call last):
  File "C:\Users\Zara\anaconda3\lib\site-packages\requests\adapters.py", line 644, in send
    resp = conn.urlopen(
  File "C:\Users\Zara\anaconda3\lib\site-packages\urllib3\connectionpool.py", line 787, in urlopen
    retries = retries.increment(
  File "C:\Users\Zara\anaconda3\lib\site-packages\urllib3\util\retry.py", line 550, in increment
    raise six.reraise(type(error), error, _stacktrace)
  File "C:\Users\Zara\anaconda3\lib\site-packages\urllib3\packages\six.py", line 769, in reraise
    raise value.with_traceback(tb)
  File "C:\Users\Zara\anaconda3\lib\site-packages\urllib3\connectionpool.py", line 703, in urlopen
    httplib_response = self._make_request(
  File "C:\Users\Zara\anaconda3\lib\site-packages\urllib3\connectionpool.py", line 386, in _make_request
    self._validate_conn(conn)
  File "C:\Users\Zara\anaconda3\lib\site-packages\urllib3\connectionpool.py", line 1042, in _validate_conn
    conn.connect()
  File "C:\Users\Zara\anaconda3\lib\site-packages\urllib3\connection.py", line 414, in connect
    self.sock = ssl_wrap_socket(
  File "C:\Users\Zara\anaconda3\lib\site-packages\urllib3\util\ssl_.py", line 449, in ssl_wrap_socket
    ssl_sock = _ssl_wrap_socket_impl(
  File "C:\Users\Zara\anaconda3\lib\site-packages\urllib3\util\ssl_.py", line 493, in _ssl_wrap_socket_impl
    return ssl_context.wrap_socket(sock, server_hostname=server_hostname)
  File "C:\Users\Zara\anaconda3\lib\ssl.py", line 501, in wrap_socket
    return self.sslsocket_class._create(
  File "C:\Users\Zara\anaconda3\lib\ssl.py", line 1041, in _create
    self.do_handshake()
  File "C:\Users\Zara\anaconda3\lib\ssl.py", line 1310, in do_handshake
    self._sslobj.do_handshake()
urllib3.exceptions.ProtocolError: ('Connection aborted.', ConnectionResetError(10054, 'An existing connection was forcibly closed by the remote host', None, 10054, None))

During handling of the above exception, another exception occurred:

Traceback (most recent call last):
  File "C:\Users\Zara\Documents\GitHub\Personal Projects\home-finder\src\driving_times.py", line 94, in _osrm_table
    resp = requests.get(
  File "C:\Users\Zara\anaconda3\lib\site-packages\requests\api.py", line 73, in get
    return request("get", url, params=params, **kwargs)
  File "C:\Users\Zara\anaconda3\lib\site-packages\requests\api.py", line 59, in request
    return session.request(method=method, url=url, **kwargs)
  File "C:\Users\Zara\anaconda3\lib\site-packages\requests\sessions.py", line 589, in request
    resp = self.send(prep, **send_kwargs)
  File "C:\Users\Zara\anaconda3\lib\site-packages\requests\sessions.py", line 703, in send
    r = adapter.send(request, **kwargs)
  File "C:\Users\Zara\anaconda3\lib\site-packages\requests\adapters.py", line 659, in send
    raise ConnectionError(err, request=request)
requests.exceptions.ConnectionError: ('Connection aborted.', ConnectionResetError(10054, 'An existing connection was forcibly closed by the remote host', None, 10054, None))
2026-02-19 12:53:55,997 [INFO] redfin-finder:   [25/79] Driving times for: 35 Homer Ave #7, Cambridge, MA 02138
2026-02-19 12:53:56,864 [ERROR] src.driving_times: OSRM table request failed
Traceback (most recent call last):
  File "C:\Users\Zara\anaconda3\lib\site-packages\urllib3\connectionpool.py", line 703, in urlopen
    httplib_response = self._make_request(
  File "C:\Users\Zara\anaconda3\lib\site-packages\urllib3\connectionpool.py", line 386, in _make_request
    self._validate_conn(conn)
  File "C:\Users\Zara\anaconda3\lib\site-packages\urllib3\connectionpool.py", line 1042, in _validate_conn
    conn.connect()
  File "C:\Users\Zara\anaconda3\lib\site-packages\urllib3\connection.py", line 414, in connect
    self.sock = ssl_wrap_socket(
  File "C:\Users\Zara\anaconda3\lib\site-packages\urllib3\util\ssl_.py", line 449, in ssl_wrap_socket
    ssl_sock = _ssl_wrap_socket_impl(
  File "C:\Users\Zara\anaconda3\lib\site-packages\urllib3\util\ssl_.py", line 493, in _ssl_wrap_socket_impl
    return ssl_context.wrap_socket(sock, server_hostname=server_hostname)
  File "C:\Users\Zara\anaconda3\lib\ssl.py", line 501, in wrap_socket
    return self.sslsocket_class._create(
  File "C:\Users\Zara\anaconda3\lib\ssl.py", line 1041, in _create
    self.do_handshake()
  File "C:\Users\Zara\anaconda3\lib\ssl.py", line 1310, in do_handshake
    self._sslobj.do_handshake()
ConnectionResetError: [WinError 10054] An existing connection was forcibly closed by the remote host

During handling of the above exception, another exception occurred:

Traceback (most recent call last):
  File "C:\Users\Zara\anaconda3\lib\site-packages\requests\adapters.py", line 644, in send
    resp = conn.urlopen(
  File "C:\Users\Zara\anaconda3\lib\site-packages\urllib3\connectionpool.py", line 787, in urlopen
    retries = retries.increment(
  File "C:\Users\Zara\anaconda3\lib\site-packages\urllib3\util\retry.py", line 550, in increment
    raise six.reraise(type(error), error, _stacktrace)
  File "C:\Users\Zara\anaconda3\lib\site-packages\urllib3\packages\six.py", line 769, in reraise
    raise value.with_traceback(tb)
  File "C:\Users\Zara\anaconda3\lib\site-packages\urllib3\connectionpool.py", line 703, in urlopen
    httplib_response = self._make_request(
  File "C:\Users\Zara\anaconda3\lib\site-packages\urllib3\connectionpool.py", line 386, in _make_request
    self._validate_conn(conn)
  File "C:\Users\Zara\anaconda3\lib\site-packages\urllib3\connectionpool.py", line 1042, in _validate_conn
    conn.connect()
  File "C:\Users\Zara\anaconda3\lib\site-packages\urllib3\connection.py", line 414, in connect
    self.sock = ssl_wrap_socket(
  File "C:\Users\Zara\anaconda3\lib\site-packages\urllib3\util\ssl_.py", line 449, in ssl_wrap_socket
    ssl_sock = _ssl_wrap_socket_impl(
  File "C:\Users\Zara\anaconda3\lib\site-packages\urllib3\util\ssl_.py", line 493, in _ssl_wrap_socket_impl
    return ssl_context.wrap_socket(sock, server_hostname=server_hostname)
  File "C:\Users\Zara\anaconda3\lib\ssl.py", line 501, in wrap_socket
    return self.sslsocket_class._create(
  File "C:\Users\Zara\anaconda3\lib\ssl.py", line 1041, in _create
    self.do_handshake()
  File "C:\Users\Zara\anaconda3\lib\ssl.py", line 1310, in do_handshake
    self._sslobj.do_handshake()
urllib3.exceptions.ProtocolError: ('Connection aborted.', ConnectionResetError(10054, 'An existing connection was forcibly closed by the remote host', None, 10054, None))

During handling of the above exception, another exception occurred:

Traceback (most recent call last):
  File "C:\Users\Zara\Documents\GitHub\Personal Projects\home-finder\src\driving_times.py", line 94, in _osrm_table
    resp = requests.get(
  File "C:\Users\Zara\anaconda3\lib\site-packages\requests\api.py", line 73, in get
    return request("get", url, params=params, **kwargs)
  File "C:\Users\Zara\anaconda3\lib\site-packages\requests\api.py", line 59, in request
    return session.request(method=method, url=url, **kwargs)
  File "C:\Users\Zara\anaconda3\lib\site-packages\requests\sessions.py", line 589, in request
    resp = self.send(prep, **send_kwargs)
  File "C:\Users\Zara\anaconda3\lib\site-packages\requests\sessions.py", line 703, in send
    r = adapter.send(request, **kwargs)
  File "C:\Users\Zara\anaconda3\lib\site-packages\requests\adapters.py", line 659, in send
    raise ConnectionError(err, request=request)
requests.exceptions.ConnectionError: ('Connection aborted.', ConnectionResetError(10054, 'An existing connection was forcibly closed by the remote host', None, 10054, None))
2026-02-19 12:53:57,975 [INFO] redfin-finder:   [26/79] Driving times for: 354 Market St #9, Brighton, MA 02135
2026-02-19 12:53:58,834 [ERROR] src.driving_times: OSRM table request failed
Traceback (most recent call last):
  File "C:\Users\Zara\anaconda3\lib\site-packages\urllib3\connectionpool.py", line 703, in urlopen
    httplib_response = self._make_request(
  File "C:\Users\Zara\anaconda3\lib\site-packages\urllib3\connectionpool.py", line 386, in _make_request
    self._validate_conn(conn)
  File "C:\Users\Zara\anaconda3\lib\site-packages\urllib3\connectionpool.py", line 1042, in _validate_conn
    conn.connect()
  File "C:\Users\Zara\anaconda3\lib\site-packages\urllib3\connection.py", line 414, in connect
    self.sock = ssl_wrap_socket(
  File "C:\Users\Zara\anaconda3\lib\site-packages\urllib3\util\ssl_.py", line 449, in ssl_wrap_socket
    ssl_sock = _ssl_wrap_socket_impl(
  File "C:\Users\Zara\anaconda3\lib\site-packages\urllib3\util\ssl_.py", line 493, in _ssl_wrap_socket_impl
    return ssl_context.wrap_socket(sock, server_hostname=server_hostname)
  File "C:\Users\Zara\anaconda3\lib\ssl.py", line 501, in wrap_socket
    return self.sslsocket_class._create(
  File "C:\Users\Zara\anaconda3\lib\ssl.py", line 1041, in _create
    self.do_handshake()
  File "C:\Users\Zara\anaconda3\lib\ssl.py", line 1310, in do_handshake
    self._sslobj.do_handshake()
ConnectionResetError: [WinError 10054] An existing connection was forcibly closed by the remote host

During handling of the above exception, another exception occurred:

Traceback (most recent call last):
  File "C:\Users\Zara\anaconda3\lib\site-packages\requests\adapters.py", line 644, in send
    resp = conn.urlopen(
  File "C:\Users\Zara\anaconda3\lib\site-packages\urllib3\connectionpool.py", line 787, in urlopen
    retries = retries.increment(
  File "C:\Users\Zara\anaconda3\lib\site-packages\urllib3\util\retry.py", line 550, in increment
    raise six.reraise(type(error), error, _stacktrace)
  File "C:\Users\Zara\anaconda3\lib\site-packages\urllib3\packages\six.py", line 769, in reraise
    raise value.with_traceback(tb)
  File "C:\Users\Zara\anaconda3\lib\site-packages\urllib3\connectionpool.py", line 703, in urlopen
    httplib_response = self._make_request(
  File "C:\Users\Zara\anaconda3\lib\site-packages\urllib3\connectionpool.py", line 386, in _make_request
    self._validate_conn(conn)
  File "C:\Users\Zara\anaconda3\lib\site-packages\urllib3\connectionpool.py", line 1042, in _validate_conn
    conn.connect()
  File "C:\Users\Zara\anaconda3\lib\site-packages\urllib3\connection.py", line 414, in connect
    self.sock = ssl_wrap_socket(
  File "C:\Users\Zara\anaconda3\lib\site-packages\urllib3\util\ssl_.py", line 449, in ssl_wrap_socket
    ssl_sock = _ssl_wrap_socket_impl(
  File "C:\Users\Zara\anaconda3\lib\site-packages\urllib3\util\ssl_.py", line 493, in _ssl_wrap_socket_impl
    return ssl_context.wrap_socket(sock, server_hostname=server_hostname)
  File "C:\Users\Zara\anaconda3\lib\ssl.py", line 501, in wrap_socket
    return self.sslsocket_class._create(
  File "C:\Users\Zara\anaconda3\lib\ssl.py", line 1041, in _create
    self.do_handshake()
  File "C:\Users\Zara\anaconda3\lib\ssl.py", line 1310, in do_handshake
    self._sslobj.do_handshake()
urllib3.exceptions.ProtocolError: ('Connection aborted.', ConnectionResetError(10054, 'An existing connection was forcibly closed by the remote host', None, 10054, None))

During handling of the above exception, another exception occurred:

Traceback (most recent call last):
  File "C:\Users\Zara\Documents\GitHub\Personal Projects\home-finder\src\driving_times.py", line 94, in _osrm_table
    resp = requests.get(
  File "C:\Users\Zara\anaconda3\lib\site-packages\requests\api.py", line 73, in get
    return request("get", url, params=params, **kwargs)
  File "C:\Users\Zara\anaconda3\lib\site-packages\requests\api.py", line 59, in request
    return session.request(method=method, url=url, **kwargs)
  File "C:\Users\Zara\anaconda3\lib\site-packages\requests\sessions.py", line 589, in request
    resp = self.send(prep, **send_kwargs)
  File "C:\Users\Zara\anaconda3\lib\site-packages\requests\sessions.py", line 703, in send
    r = adapter.send(request, **kwargs)
  File "C:\Users\Zara\anaconda3\lib\site-packages\requests\adapters.py", line 659, in send
    raise ConnectionError(err, request=request)
requests.exceptions.ConnectionError: ('Connection aborted.', ConnectionResetError(10054, 'An existing connection was forcibly closed by the remote host', None, 10054, None))
2026-02-19 12:53:59,947 [INFO] redfin-finder:   [27/79] Driving times for: 31 Aldrich Rd #1, Watertown, MA 02472
2026-02-19 12:53:59,994 [ERROR] src.driving_times: OSRM table request failed
Traceback (most recent call last):
  File "C:\Users\Zara\anaconda3\lib\site-packages\urllib3\connection.py", line 174, in _new_conn
    conn = connection.create_connection(
  File "C:\Users\Zara\anaconda3\lib\site-packages\urllib3\util\connection.py", line 95, in create_connection
    raise err
  File "C:\Users\Zara\anaconda3\lib\site-packages\urllib3\util\connection.py", line 85, in create_connection
    sock.connect(sa)
OSError: [WinError 10051] A socket operation was attempted to an unreachable network

During handling of the above exception, another exception occurred:

Traceback (most recent call last):
  File "C:\Users\Zara\anaconda3\lib\site-packages\urllib3\connectionpool.py", line 703, in urlopen
    httplib_response = self._make_request(
  File "C:\Users\Zara\anaconda3\lib\site-packages\urllib3\connectionpool.py", line 386, in _make_request
    self._validate_conn(conn)
  File "C:\Users\Zara\anaconda3\lib\site-packages\urllib3\connectionpool.py", line 1042, in _validate_conn
    conn.connect()
  File "C:\Users\Zara\anaconda3\lib\site-packages\urllib3\connection.py", line 358, in connect
    self.sock = conn = self._new_conn()
  File "C:\Users\Zara\anaconda3\lib\site-packages\urllib3\connection.py", line 186, in _new_conn
    raise NewConnectionError(
urllib3.exceptions.NewConnectionError: <urllib3.connection.HTTPSConnection object at 0x00000117352091C0>: Failed to establish a new connection: [WinError 10051] A socket operation was attempted to an unreachable network

During handling of the above exception, another exception occurred:

Traceback (most recent call last):
  File "C:\Users\Zara\anaconda3\lib\site-packages\requests\adapters.py", line 644, in send
    resp = conn.urlopen(
  File "C:\Users\Zara\anaconda3\lib\site-packages\urllib3\connectionpool.py", line 787, in urlopen
    retries = retries.increment(
  File "C:\Users\Zara\anaconda3\lib\site-packages\urllib3\util\retry.py", line 592, in increment
    raise MaxRetryError(_pool, url, error or ResponseError(cause))
urllib3.exceptions.MaxRetryError: HTTPSConnectionPool(host='router.project-osrm.org', port=443): Max retries exceeded with url: /table/v1/driving/-71.1873601,42.3634611;-71.1664,42.3396;-71.0446,42.3519;-71.0847,42.3625?sources=0&destinations=1%3B2%3B3&annotations=duration (Caused by NewConnectionError('<urllib3.connection.HTTPSConnection object at 0x00000117352091C0>: Failed to establish a new connection: [WinError 10051] A socket operation was attempted to an unreachable network'))

During handling of the above exception, another exception occurred:

Traceback (most recent call last):
  File "C:\Users\Zara\Documents\GitHub\Personal Projects\home-finder\src\driving_times.py", line 94, in _osrm_table
    resp = requests.get(
  File "C:\Users\Zara\anaconda3\lib\site-packages\requests\api.py", line 73, in get
    return request("get", url, params=params, **kwargs)
  File "C:\Users\Zara\anaconda3\lib\site-packages\requests\api.py", line 59, in request
    return session.request(method=method, url=url, **kwargs)
  File "C:\Users\Zara\anaconda3\lib\site-packages\requests\sessions.py", line 589, in request
    resp = self.send(prep, **send_kwargs)
  File "C:\Users\Zara\anaconda3\lib\site-packages\requests\sessions.py", line 703, in send
    r = adapter.send(request, **kwargs)
  File "C:\Users\Zara\anaconda3\lib\site-packages\requests\adapters.py", line 677, in send
    raise ConnectionError(e, request=request)
requests.exceptions.ConnectionError: HTTPSConnectionPool(host='router.project-osrm.org', port=443): Max retries exceeded with url: /table/v1/driving/-71.1873601,42.3634611;-71.1664,42.3396;-71.0446,42.3519;-71.0847,42.3625?sources=0&destinations=1%3B2%3B3&annotations=duration (Caused by NewConnectionError('<urllib3.connection.HTTPSConnection object at 0x00000117352091C0>: Failed to establish a new connection: [WinError 10051] A socket operation was attempted to an unreachable network'))
2026-02-19 12:54:01,101 [INFO] redfin-finder:   [28/79] Driving times for: 194 Lexington St #1, Watertown, MA 02472
2026-02-19 12:54:01,148 [ERROR] src.driving_times: OSRM table request failed
Traceback (most recent call last):
  File "C:\Users\Zara\anaconda3\lib\site-packages\urllib3\connection.py", line 174, in _new_conn
    conn = connection.create_connection(
  File "C:\Users\Zara\anaconda3\lib\site-packages\urllib3\util\connection.py", line 95, in create_connection
    raise err
  File "C:\Users\Zara\anaconda3\lib\site-packages\urllib3\util\connection.py", line 85, in create_connection
    sock.connect(sa)
OSError: [WinError 10051] A socket operation was attempted to an unreachable network

During handling of the above exception, another exception occurred:

Traceback (most recent call last):
  File "C:\Users\Zara\anaconda3\lib\site-packages\urllib3\connectionpool.py", line 703, in urlopen
    httplib_response = self._make_request(
  File "C:\Users\Zara\anaconda3\lib\site-packages\urllib3\connectionpool.py", line 386, in _make_request
    self._validate_conn(conn)
  File "C:\Users\Zara\anaconda3\lib\site-packages\urllib3\connectionpool.py", line 1042, in _validate_conn
    conn.connect()
  File "C:\Users\Zara\anaconda3\lib\site-packages\urllib3\connection.py", line 358, in connect
    self.sock = conn = self._new_conn()
  File "C:\Users\Zara\anaconda3\lib\site-packages\urllib3\connection.py", line 186, in _new_conn
    raise NewConnectionError(
urllib3.exceptions.NewConnectionError: <urllib3.connection.HTTPSConnection object at 0x0000011735209970>: Failed to establish a new connection: [WinError 10051] A socket operation was attempted to an unreachable network

During handling of the above exception, another exception occurred:

Traceback (most recent call last):
  File "C:\Users\Zara\anaconda3\lib\site-packages\requests\adapters.py", line 644, in send
    resp = conn.urlopen(
  File "C:\Users\Zara\anaconda3\lib\site-packages\urllib3\connectionpool.py", line 787, in urlopen
    retries = retries.increment(
  File "C:\Users\Zara\anaconda3\lib\site-packages\urllib3\util\retry.py", line 592, in increment
    raise MaxRetryError(_pool, url, error or ResponseError(cause))
urllib3.exceptions.MaxRetryError: HTTPSConnectionPool(host='router.project-osrm.org', port=443): Max retries exceeded with url: /table/v1/driving/-71.193332,42.375855;-71.1664,42.3396;-71.0446,42.3519;-71.0847,42.3625?sources=0&destinations=1%3B2%3B3&annotations=duration (Caused by NewConnectionError('<urllib3.connection.HTTPSConnection object at 0x0000011735209970>: Failed to establish a new connection: [WinError 10051] A socket operation was attempted to an unreachable network'))

During handling of the above exception, another exception occurred:

Traceback (most recent call last):
  File "C:\Users\Zara\Documents\GitHub\Personal Projects\home-finder\src\driving_times.py", line 94, in _osrm_table
    resp = requests.get(
  File "C:\Users\Zara\anaconda3\lib\site-packages\requests\api.py", line 73, in get
    return request("get", url, params=params, **kwargs)
  File "C:\Users\Zara\anaconda3\lib\site-packages\requests\api.py", line 59, in request
    return session.request(method=method, url=url, **kwargs)
  File "C:\Users\Zara\anaconda3\lib\site-packages\requests\sessions.py", line 589, in request
    resp = self.send(prep, **send_kwargs)
  File "C:\Users\Zara\anaconda3\lib\site-packages\requests\sessions.py", line 703, in send
    r = adapter.send(request, **kwargs)
  File "C:\Users\Zara\anaconda3\lib\site-packages\requests\adapters.py", line 677, in send
    raise ConnectionError(e, request=request)
requests.exceptions.ConnectionError: HTTPSConnectionPool(host='router.project-osrm.org', port=443): Max retries exceeded with url: /table/v1/driving/-71.193332,42.375855;-71.1664,42.3396;-71.0446,42.3519;-71.0847,42.3625?sources=0&destinations=1%3B2%3B3&annotations=duration (Caused by NewConnectionError('<urllib3.connection.HTTPSConnection object at 0x0000011735209970>: Failed to establish a new connection: [WinError 10051] A socket operation was attempted to an unreachable network'))
2026-02-19 12:54:02,253 [INFO] redfin-finder:   [29/79] Driving times for: 147 Langdon Ave #1, Watertown, MA 02472
2026-02-19 14:45:19,117 [ERROR] src.driving_times: OSRM table request failed
Traceback (most recent call last):
  File "C:\Users\Zara\anaconda3\lib\site-packages\urllib3\connection.py", line 174, in _new_conn
    conn = connection.create_connection(
  File "C:\Users\Zara\anaconda3\lib\site-packages\urllib3\util\connection.py", line 72, in create_connection
    for res in socket.getaddrinfo(host, port, family, socket.SOCK_STREAM):
  File "C:\Users\Zara\anaconda3\lib\socket.py", line 954, in getaddrinfo
    for res in _socket.getaddrinfo(host, port, family, type, proto, flags):
socket.gaierror: [Errno 11001] getaddrinfo failed

During handling of the above exception, another exception occurred:

Traceback (most recent call last):
  File "C:\Users\Zara\anaconda3\lib\site-packages\urllib3\connectionpool.py", line 703, in urlopen
    httplib_response = self._make_request(
  File "C:\Users\Zara\anaconda3\lib\site-packages\urllib3\connectionpool.py", line 386, in _make_request
    self._validate_conn(conn)
  File "C:\Users\Zara\anaconda3\lib\site-packages\urllib3\connectionpool.py", line 1042, in _validate_conn
    conn.connect()
  File "C:\Users\Zara\anaconda3\lib\site-packages\urllib3\connection.py", line 358, in connect
    self.sock = conn = self._new_conn()
  File "C:\Users\Zara\anaconda3\lib\site-packages\urllib3\connection.py", line 186, in _new_conn
    raise NewConnectionError(
urllib3.exceptions.NewConnectionError: <urllib3.connection.HTTPSConnection object at 0x0000011735212160>: Failed to establish a new connection: [Errno 11001] getaddrinfo failed

During handling of the above exception, another exception occurred:

Traceback (most recent call last):
  File "C:\Users\Zara\anaconda3\lib\site-packages\requests\adapters.py", line 644, in send
    resp = conn.urlopen(
  File "C:\Users\Zara\anaconda3\lib\site-packages\urllib3\connectionpool.py", line 787, in urlopen
    retries = retries.increment(
  File "C:\Users\Zara\anaconda3\lib\site-packages\urllib3\util\retry.py", line 592, in increment
    raise MaxRetryError(_pool, url, error or ResponseError(cause))
urllib3.exceptions.MaxRetryError: HTTPSConnectionPool(host='router.project-osrm.org', port=443): Max retries exceeded with url: /table/v1/driving/-71.1622569,42.3760054;-71.1425,42.3954;-71.0446,42.3519;-71.0847,42.3625?sources=0&destinations=1%3B2%3B3&annotations=duration (Caused by NewConnectionError('<urllib3.connection.HTTPSConnection object at 0x0000011735212160>: Failed to establish a new connection: [Errno 11001] getaddrinfo failed'))

During handling of the above exception, another exception occurred:

Traceback (most recent call last):
  File "C:\Users\Zara\Documents\GitHub\Personal Projects\home-finder\src\driving_times.py", line 94, in _osrm_table
    resp = requests.get(
  File "C:\Users\Zara\anaconda3\lib\site-packages\requests\api.py", line 73, in get
    return request("get", url, params=params, **kwargs)
  File "C:\Users\Zara\anaconda3\lib\site-packages\requests\api.py", line 59, in request
    return session.request(method=method, url=url, **kwargs)
  File "C:\Users\Zara\anaconda3\lib\site-packages\requests\sessions.py", line 589, in request
    resp = self.send(prep, **send_kwargs)
  File "C:\Users\Zara\anaconda3\lib\site-packages\requests\sessions.py", line 703, in send
    r = adapter.send(request, **kwargs)
  File "C:\Users\Zara\anaconda3\lib\site-packages\requests\adapters.py", line 677, in send
    raise ConnectionError(e, request=request)
requests.exceptions.ConnectionError: HTTPSConnectionPool(host='router.project-osrm.org', port=443): Max retries exceeded with url: /table/v1/driving/-71.1622569,42.3760054;-71.1425,42.3954;-71.0446,42.3519;-71.0847,42.3625?sources=0&destinations=1%3B2%3B3&annotations=duration (Caused by NewConnectionError('<urllib3.connection.HTTPSConnection object at 0x0000011735212160>: Failed to establish a new connection: [Errno 11001] getaddrinfo failed'))
2026-02-19 14:45:20,596 [INFO] redfin-finder:   [30/79] Driving times for: 133 Warren St #3, Watertown, MA 02472
2026-02-19 14:45:20,785 [ERROR] src.driving_times: OSRM table request failed
Traceback (most recent call last):
  File "C:\Users\Zara\anaconda3\lib\site-packages\urllib3\connection.py", line 174, in _new_conn
    conn = connection.create_connection(
  File "C:\Users\Zara\anaconda3\lib\site-packages\urllib3\util\connection.py", line 72, in create_connection
    for res in socket.getaddrinfo(host, port, family, socket.SOCK_STREAM):
  File "C:\Users\Zara\anaconda3\lib\socket.py", line 954, in getaddrinfo
    for res in _socket.getaddrinfo(host, port, family, type, proto, flags):
socket.gaierror: [Errno 11001] getaddrinfo failed

During handling of the above exception, another exception occurred:

Traceback (most recent call last):
  File "C:\Users\Zara\anaconda3\lib\site-packages\urllib3\connectionpool.py", line 703, in urlopen
    httplib_response = self._make_request(
  File "C:\Users\Zara\anaconda3\lib\site-packages\urllib3\connectionpool.py", line 386, in _make_request
    self._validate_conn(conn)
  File "C:\Users\Zara\anaconda3\lib\site-packages\urllib3\connectionpool.py", line 1042, in _validate_conn
    conn.connect()
  File "C:\Users\Zara\anaconda3\lib\site-packages\urllib3\connection.py", line 358, in connect
    self.sock = conn = self._new_conn()
  File "C:\Users\Zara\anaconda3\lib\site-packages\urllib3\connection.py", line 186, in _new_conn
    raise NewConnectionError(
urllib3.exceptions.NewConnectionError: <urllib3.connection.HTTPSConnection object at 0x0000011735203160>: Failed to establish a new connection: [Errno 11001] getaddrinfo failed

During handling of the above exception, another exception occurred:

Traceback (most recent call last):
  File "C:\Users\Zara\anaconda3\lib\site-packages\requests\adapters.py", line 644, in send
    resp = conn.urlopen(
  File "C:\Users\Zara\anaconda3\lib\site-packages\urllib3\connectionpool.py", line 787, in urlopen
    retries = retries.increment(
  File "C:\Users\Zara\anaconda3\lib\site-packages\urllib3\util\retry.py", line 592, in increment
    raise MaxRetryError(_pool, url, error or ResponseError(cause))
urllib3.exceptions.MaxRetryError: HTTPSConnectionPool(host='router.project-osrm.org', port=443): Max retries exceeded with url: /table/v1/driving/-71.1946072,42.3760032;-71.1664,42.3396;-71.0446,42.3519;-71.0847,42.3625?sources=0&destinations=1%3B2%3B3&annotations=duration (Caused by NewConnectionError('<urllib3.connection.HTTPSConnection object at 0x0000011735203160>: Failed to establish a new connection: [Errno 11001] getaddrinfo failed'))

During handling of the above exception, another exception occurred:

Traceback (most recent call last):
  File "C:\Users\Zara\Documents\GitHub\Personal Projects\home-finder\src\driving_times.py", line 94, in _osrm_table
    resp = requests.get(
  File "C:\Users\Zara\anaconda3\lib\site-packages\requests\api.py", line 73, in get
    return request("get", url, params=params, **kwargs)
  File "C:\Users\Zara\anaconda3\lib\site-packages\requests\api.py", line 59, in request
    return session.request(method=method, url=url, **kwargs)
  File "C:\Users\Zara\anaconda3\lib\site-packages\requests\sessions.py", line 589, in request
    resp = self.send(prep, **send_kwargs)
  File "C:\Users\Zara\anaconda3\lib\site-packages\requests\sessions.py", line 703, in send
    r = adapter.send(request, **kwargs)
  File "C:\Users\Zara\anaconda3\lib\site-packages\requests\adapters.py", line 677, in send
    raise ConnectionError(e, request=request)
requests.exceptions.ConnectionError: HTTPSConnectionPool(host='router.project-osrm.org', port=443): Max retries exceeded with url: /table/v1/driving/-71.1946072,42.3760032;-71.1664,42.3396;-71.0446,42.3519;-71.0847,42.3625?sources=0&destinations=1%3B2%3B3&annotations=duration (Caused by NewConnectionError('<urllib3.connection.HTTPSConnection object at 0x0000011735203160>: Failed to establish a new connection: [Errno 11001] getaddrinfo failed'))
2026-02-19 14:45:21,898 [INFO] redfin-finder:   [31/79] Driving times for: 7 Cypress Rd #703, Brighton, MA 02135
2026-02-19 14:45:22,042 [ERROR] src.driving_times: OSRM table request failed
Traceback (most recent call last):
  File "C:\Users\Zara\anaconda3\lib\site-packages\urllib3\connection.py", line 174, in _new_conn
    conn = connection.create_connection(
  File "C:\Users\Zara\anaconda3\lib\site-packages\urllib3\util\connection.py", line 72, in create_connection
    for res in socket.getaddrinfo(host, port, family, socket.SOCK_STREAM):
  File "C:\Users\Zara\anaconda3\lib\socket.py", line 954, in getaddrinfo
    for res in _socket.getaddrinfo(host, port, family, type, proto, flags):
socket.gaierror: [Errno 11001] getaddrinfo failed

During handling of the above exception, another exception occurred:

Traceback (most recent call last):
  File "C:\Users\Zara\anaconda3\lib\site-packages\urllib3\connectionpool.py", line 703, in urlopen
    httplib_response = self._make_request(
  File "C:\Users\Zara\anaconda3\lib\site-packages\urllib3\connectionpool.py", line 386, in _make_request
    self._validate_conn(conn)
  File "C:\Users\Zara\anaconda3\lib\site-packages\urllib3\connectionpool.py", line 1042, in _validate_conn
    conn.connect()
  File "C:\Users\Zara\anaconda3\lib\site-packages\urllib3\connection.py", line 358, in connect
    self.sock = conn = self._new_conn()
  File "C:\Users\Zara\anaconda3\lib\site-packages\urllib3\connection.py", line 186, in _new_conn
    raise NewConnectionError(
urllib3.exceptions.NewConnectionError: <urllib3.connection.HTTPSConnection object at 0x00000117351FD160>: Failed to establish a new connection: [Errno 11001] getaddrinfo failed

During handling of the above exception, another exception occurred:

Traceback (most recent call last):
  File "C:\Users\Zara\anaconda3\lib\site-packages\requests\adapters.py", line 644, in send
    resp = conn.urlopen(
  File "C:\Users\Zara\anaconda3\lib\site-packages\urllib3\connectionpool.py", line 787, in urlopen
    retries = retries.increment(
  File "C:\Users\Zara\anaconda3\lib\site-packages\urllib3\util\retry.py", line 592, in increment
    raise MaxRetryError(_pool, url, error or ResponseError(cause))
urllib3.exceptions.MaxRetryError: HTTPSConnectionPool(host='router.project-osrm.org', port=443): Max retries exceeded with url: /table/v1/driving/-71.1497075,42.3544141;-71.1404,42.3484;-71.0446,42.3519;-71.0847,42.3625?sources=0&destinations=1%3B2%3B3&annotations=duration (Caused by NewConnectionError('<urllib3.connection.HTTPSConnection object at 0x00000117351FD160>: Failed to establish a new connection: [Errno 11001] getaddrinfo failed'))

During handling of the above exception, another exception occurred:

Traceback (most recent call last):
  File "C:\Users\Zara\Documents\GitHub\Personal Projects\home-finder\src\driving_times.py", line 94, in _osrm_table
    resp = requests.get(
  File "C:\Users\Zara\anaconda3\lib\site-packages\requests\api.py", line 73, in get
    return request("get", url, params=params, **kwargs)
  File "C:\Users\Zara\anaconda3\lib\site-packages\requests\api.py", line 59, in request
    return session.request(method=method, url=url, **kwargs)
  File "C:\Users\Zara\anaconda3\lib\site-packages\requests\sessions.py", line 589, in request
    resp = self.send(prep, **send_kwargs)
  File "C:\Users\Zara\anaconda3\lib\site-packages\requests\sessions.py", line 703, in send
    r = adapter.send(request, **kwargs)
  File "C:\Users\Zara\anaconda3\lib\site-packages\requests\adapters.py", line 677, in send
    raise ConnectionError(e, request=request)
requests.exceptions.ConnectionError: HTTPSConnectionPool(host='router.project-osrm.org', port=443): Max retries exceeded with url: /table/v1/driving/-71.1497075,42.3544141;-71.1404,42.3484;-71.0446,42.3519;-71.0847,42.3625?sources=0&destinations=1%3B2%3B3&annotations=duration (Caused by NewConnectionError('<urllib3.connection.HTTPSConnection object at 0x00000117351FD160>: Failed to establish a new connection: [Errno 11001] getaddrinfo failed'))
2026-02-19 14:45:23,148 [INFO] redfin-finder:   [32/79] Driving times for: 38 Carey Ave #3, Watertown, MA 02472
2026-02-19 14:45:23,370 [ERROR] src.driving_times: OSRM table request failed
Traceback (most recent call last):
  File "C:\Users\Zara\anaconda3\lib\site-packages\urllib3\connection.py", line 174, in _new_conn
    conn = connection.create_connection(
  File "C:\Users\Zara\anaconda3\lib\site-packages\urllib3\util\connection.py", line 72, in create_connection
    for res in socket.getaddrinfo(host, port, family, socket.SOCK_STREAM):
  File "C:\Users\Zara\anaconda3\lib\socket.py", line 954, in getaddrinfo
    for res in _socket.getaddrinfo(host, port, family, type, proto, flags):
socket.gaierror: [Errno 11001] getaddrinfo failed

During handling of the above exception, another exception occurred:

Traceback (most recent call last):
  File "C:\Users\Zara\anaconda3\lib\site-packages\urllib3\connectionpool.py", line 703, in urlopen
    httplib_response = self._make_request(
  File "C:\Users\Zara\anaconda3\lib\site-packages\urllib3\connectionpool.py", line 386, in _make_request
    self._validate_conn(conn)
  File "C:\Users\Zara\anaconda3\lib\site-packages\urllib3\connectionpool.py", line 1042, in _validate_conn
    conn.connect()
  File "C:\Users\Zara\anaconda3\lib\site-packages\urllib3\connection.py", line 358, in connect
    self.sock = conn = self._new_conn()
  File "C:\Users\Zara\anaconda3\lib\site-packages\urllib3\connection.py", line 186, in _new_conn
    raise NewConnectionError(
urllib3.exceptions.NewConnectionError: <urllib3.connection.HTTPSConnection object at 0x0000011735202130>: Failed to establish a new connection: [Errno 11001] getaddrinfo failed

During handling of the above exception, another exception occurred:

Traceback (most recent call last):
  File "C:\Users\Zara\anaconda3\lib\site-packages\requests\adapters.py", line 644, in send
    resp = conn.urlopen(
  File "C:\Users\Zara\anaconda3\lib\site-packages\urllib3\connectionpool.py", line 787, in urlopen
    retries = retries.increment(
  File "C:\Users\Zara\anaconda3\lib\site-packages\urllib3\util\retry.py", line 592, in increment
    raise MaxRetryError(_pool, url, error or ResponseError(cause))
urllib3.exceptions.MaxRetryError: HTTPSConnectionPool(host='router.project-osrm.org', port=443): Max retries exceeded with url: /table/v1/driving/-71.1942867,42.3761542;-71.1664,42.3396;-71.0446,42.3519;-71.0847,42.3625?sources=0&destinations=1%3B2%3B3&annotations=duration (Caused by NewConnectionError('<urllib3.connection.HTTPSConnection object at 0x0000011735202130>: Failed to establish a new connection: [Errno 11001] getaddrinfo failed'))

During handling of the above exception, another exception occurred:

Traceback (most recent call last):
  File "C:\Users\Zara\Documents\GitHub\Personal Projects\home-finder\src\driving_times.py", line 94, in _osrm_table
    resp = requests.get(
  File "C:\Users\Zara\anaconda3\lib\site-packages\requests\api.py", line 73, in get
    return request("get", url, params=params, **kwargs)
  File "C:\Users\Zara\anaconda3\lib\site-packages\requests\api.py", line 59, in request
    return session.request(method=method, url=url, **kwargs)
  File "C:\Users\Zara\anaconda3\lib\site-packages\requests\sessions.py", line 589, in request
    resp = self.send(prep, **send_kwargs)
  File "C:\Users\Zara\anaconda3\lib\site-packages\requests\sessions.py", line 703, in send
    r = adapter.send(request, **kwargs)
  File "C:\Users\Zara\anaconda3\lib\site-packages\requests\adapters.py", line 677, in send
    raise ConnectionError(e, request=request)
requests.exceptions.ConnectionError: HTTPSConnectionPool(host='router.project-osrm.org', port=443): Max retries exceeded with url: /table/v1/driving/-71.1942867,42.3761542;-71.1664,42.3396;-71.0446,42.3519;-71.0847,42.3625?sources=0&destinations=1%3B2%3B3&annotations=duration (Caused by NewConnectionError('<urllib3.connection.HTTPSConnection object at 0x0000011735202130>: Failed to establish a new connection: [Errno 11001] getaddrinfo failed'))
2026-02-19 14:45:24,508 [INFO] redfin-finder:   [33/79] Driving times for: 290 Pleasant St #113, Watertown, MA 02471
2026-02-19 14:45:24,709 [ERROR] src.driving_times: OSRM table request failed
Traceback (most recent call last):
  File "C:\Users\Zara\anaconda3\lib\site-packages\urllib3\connection.py", line 174, in _new_conn
    conn = connection.create_connection(
  File "C:\Users\Zara\anaconda3\lib\site-packages\urllib3\util\connection.py", line 72, in create_connection
    for res in socket.getaddrinfo(host, port, family, socket.SOCK_STREAM):
  File "C:\Users\Zara\anaconda3\lib\socket.py", line 954, in getaddrinfo
    for res in _socket.getaddrinfo(host, port, family, type, proto, flags):
socket.gaierror: [Errno 11001] getaddrinfo failed

During handling of the above exception, another exception occurred:

Traceback (most recent call last):
  File "C:\Users\Zara\anaconda3\lib\site-packages\urllib3\connectionpool.py", line 703, in urlopen
    httplib_response = self._make_request(
  File "C:\Users\Zara\anaconda3\lib\site-packages\urllib3\connectionpool.py", line 386, in _make_request
    self._validate_conn(conn)
  File "C:\Users\Zara\anaconda3\lib\site-packages\urllib3\connectionpool.py", line 1042, in _validate_conn
    conn.connect()
  File "C:\Users\Zara\anaconda3\lib\site-packages\urllib3\connection.py", line 358, in connect
    self.sock = conn = self._new_conn()
  File "C:\Users\Zara\anaconda3\lib\site-packages\urllib3\connection.py", line 186, in _new_conn
    raise NewConnectionError(
urllib3.exceptions.NewConnectionError: <urllib3.connection.HTTPSConnection object at 0x0000011735202160>: Failed to establish a new connection: [Errno 11001] getaddrinfo failed

During handling of the above exception, another exception occurred:

Traceback (most recent call last):
  File "C:\Users\Zara\anaconda3\lib\site-packages\requests\adapters.py", line 644, in send
    resp = conn.urlopen(
  File "C:\Users\Zara\anaconda3\lib\site-packages\urllib3\connectionpool.py", line 787, in urlopen
    retries = retries.increment(
  File "C:\Users\Zara\anaconda3\lib\site-packages\urllib3\util\retry.py", line 592, in increment
    raise MaxRetryError(_pool, url, error or ResponseError(cause))
urllib3.exceptions.MaxRetryError: HTTPSConnectionPool(host='router.project-osrm.org', port=443): Max retries exceeded with url: /table/v1/driving/-71.1982284,42.3679049;-71.1664,42.3396;-71.0446,42.3519;-71.0847,42.3625?sources=0&destinations=1%3B2%3B3&annotations=duration (Caused by NewConnectionError('<urllib3.connection.HTTPSConnection object at 0x0000011735202160>: Failed to establish a new connection: [Errno 11001] getaddrinfo failed'))

During handling of the above exception, another exception occurred:

Traceback (most recent call last):
  File "C:\Users\Zara\Documents\GitHub\Personal Projects\home-finder\src\driving_times.py", line 94, in _osrm_table
    resp = requests.get(
  File "C:\Users\Zara\anaconda3\lib\site-packages\requests\api.py", line 73, in get
    return request("get", url, params=params, **kwargs)
  File "C:\Users\Zara\anaconda3\lib\site-packages\requests\api.py", line 59, in request
    return session.request(method=method, url=url, **kwargs)
  File "C:\Users\Zara\anaconda3\lib\site-packages\requests\sessions.py", line 589, in request
    resp = self.send(prep, **send_kwargs)
  File "C:\Users\Zara\anaconda3\lib\site-packages\requests\sessions.py", line 703, in send
    r = adapter.send(request, **kwargs)
  File "C:\Users\Zara\anaconda3\lib\site-packages\requests\adapters.py", line 677, in send
    raise ConnectionError(e, request=request)
requests.exceptions.ConnectionError: HTTPSConnectionPool(host='router.project-osrm.org', port=443): Max retries exceeded with url: /table/v1/driving/-71.1982284,42.3679049;-71.1664,42.3396;-71.0446,42.3519;-71.0847,42.3625?sources=0&destinations=1%3B2%3B3&annotations=duration (Caused by NewConnectionError('<urllib3.connection.HTTPSConnection object at 0x0000011735202160>: Failed to establish a new connection: [Errno 11001] getaddrinfo failed'))
2026-02-19 14:45:25,841 [INFO] redfin-finder:   [34/79] Driving times for: 99 Tremont St #105, Brighton, MA 02135
2026-02-19 14:45:25,981 [ERROR] src.driving_times: OSRM table request failed
Traceback (most recent call last):
  File "C:\Users\Zara\anaconda3\lib\site-packages\urllib3\connection.py", line 174, in _new_conn
    conn = connection.create_connection(
  File "C:\Users\Zara\anaconda3\lib\site-packages\urllib3\util\connection.py", line 72, in create_connection
    for res in socket.getaddrinfo(host, port, family, socket.SOCK_STREAM):
  File "C:\Users\Zara\anaconda3\lib\socket.py", line 954, in getaddrinfo
    for res in _socket.getaddrinfo(host, port, family, type, proto, flags):
socket.gaierror: [Errno 11001] getaddrinfo failed

During handling of the above exception, another exception occurred:

Traceback (most recent call last):
  File "C:\Users\Zara\anaconda3\lib\site-packages\urllib3\connectionpool.py", line 703, in urlopen
    httplib_response = self._make_request(
  File "C:\Users\Zara\anaconda3\lib\site-packages\urllib3\connectionpool.py", line 386, in _make_request
    self._validate_conn(conn)
  File "C:\Users\Zara\anaconda3\lib\site-packages\urllib3\connectionpool.py", line 1042, in _validate_conn
    conn.connect()
  File "C:\Users\Zara\anaconda3\lib\site-packages\urllib3\connection.py", line 358, in connect
    self.sock = conn = self._new_conn()
  File "C:\Users\Zara\anaconda3\lib\site-packages\urllib3\connection.py", line 186, in _new_conn
    raise NewConnectionError(
urllib3.exceptions.NewConnectionError: <urllib3.connection.HTTPSConnection object at 0x00000117352021C0>: Failed to establish a new connection: [Errno 11001] getaddrinfo failed

During handling of the above exception, another exception occurred:

Traceback (most recent call last):
  File "C:\Users\Zara\anaconda3\lib\site-packages\requests\adapters.py", line 644, in send
    resp = conn.urlopen(
  File "C:\Users\Zara\anaconda3\lib\site-packages\urllib3\connectionpool.py", line 787, in urlopen
    retries = retries.increment(
  File "C:\Users\Zara\anaconda3\lib\site-packages\urllib3\util\retry.py", line 592, in increment
    raise MaxRetryError(_pool, url, error or ResponseError(cause))
urllib3.exceptions.MaxRetryError: HTTPSConnectionPool(host='router.project-osrm.org', port=443): Max retries exceeded with url: /table/v1/driving/-71.1726583,42.3511618;-71.1664,42.3396;-71.0446,42.3519;-71.0847,42.3625?sources=0&destinations=1%3B2%3B3&annotations=duration (Caused by NewConnectionError('<urllib3.connection.HTTPSConnection object at 0x00000117352021C0>: Failed to establish a new connection: [Errno 11001] getaddrinfo failed'))

During handling of the above exception, another exception occurred:

Traceback (most recent call last):
  File "C:\Users\Zara\Documents\GitHub\Personal Projects\home-finder\src\driving_times.py", line 94, in _osrm_table
    resp = requests.get(
  File "C:\Users\Zara\anaconda3\lib\site-packages\requests\api.py", line 73, in get
    return request("get", url, params=params, **kwargs)
  File "C:\Users\Zara\anaconda3\lib\site-packages\requests\api.py", line 59, in request
    return session.request(method=method, url=url, **kwargs)
  File "C:\Users\Zara\anaconda3\lib\site-packages\requests\sessions.py", line 589, in request
    resp = self.send(prep, **send_kwargs)
  File "C:\Users\Zara\anaconda3\lib\site-packages\requests\sessions.py", line 703, in send
    r = adapter.send(request, **kwargs)
  File "C:\Users\Zara\anaconda3\lib\site-packages\requests\adapters.py", line 677, in send
    raise ConnectionError(e, request=request)
requests.exceptions.ConnectionError: HTTPSConnectionPool(host='router.project-osrm.org', port=443): Max retries exceeded with url: /table/v1/driving/-71.1726583,42.3511618;-71.1664,42.3396;-71.0446,42.3519;-71.0847,42.3625?sources=0&destinations=1%3B2%3B3&annotations=duration (Caused by NewConnectionError('<urllib3.connection.HTTPSConnection object at 0x00000117352021C0>: Failed to establish a new connection: [Errno 11001] getaddrinfo failed'))
2026-02-19 14:45:27,101 [INFO] redfin-finder:   [35/79] Driving times for: 231 Coolidge Ave #405, Watertown, MA 02472
2026-02-19 14:45:27,214 [ERROR] src.driving_times: OSRM table request failed
Traceback (most recent call last):
  File "C:\Users\Zara\anaconda3\lib\site-packages\urllib3\connection.py", line 174, in _new_conn
    conn = connection.create_connection(
  File "C:\Users\Zara\anaconda3\lib\site-packages\urllib3\util\connection.py", line 72, in create_connection
    for res in socket.getaddrinfo(host, port, family, socket.SOCK_STREAM):
  File "C:\Users\Zara\anaconda3\lib\socket.py", line 954, in getaddrinfo
    for res in _socket.getaddrinfo(host, port, family, type, proto, flags):
socket.gaierror: [Errno 11001] getaddrinfo failed

During handling of the above exception, another exception occurred:

Traceback (most recent call last):
  File "C:\Users\Zara\anaconda3\lib\site-packages\urllib3\connectionpool.py", line 703, in urlopen
    httplib_response = self._make_request(
  File "C:\Users\Zara\anaconda3\lib\site-packages\urllib3\connectionpool.py", line 386, in _make_request
    self._validate_conn(conn)
  File "C:\Users\Zara\anaconda3\lib\site-packages\urllib3\connectionpool.py", line 1042, in _validate_conn
    conn.connect()
  File "C:\Users\Zara\anaconda3\lib\site-packages\urllib3\connection.py", line 358, in connect
    self.sock = conn = self._new_conn()
  File "C:\Users\Zara\anaconda3\lib\site-packages\urllib3\connection.py", line 186, in _new_conn
    raise NewConnectionError(
urllib3.exceptions.NewConnectionError: <urllib3.connection.HTTPSConnection object at 0x0000011735202160>: Failed to establish a new connection: [Errno 11001] getaddrinfo failed

During handling of the above exception, another exception occurred:

Traceback (most recent call last):
  File "C:\Users\Zara\anaconda3\lib\site-packages\requests\adapters.py", line 644, in send
    resp = conn.urlopen(
  File "C:\Users\Zara\anaconda3\lib\site-packages\urllib3\connectionpool.py", line 787, in urlopen
    retries = retries.increment(
  File "C:\Users\Zara\anaconda3\lib\site-packages\urllib3\util\retry.py", line 592, in increment
    raise MaxRetryError(_pool, url, error or ResponseError(cause))
urllib3.exceptions.MaxRetryError: HTTPSConnectionPool(host='router.project-osrm.org', port=443): Max retries exceeded with url: /table/v1/driving/-71.1445267,42.3659531;-71.1404,42.3484;-71.0446,42.3519;-71.0847,42.3625?sources=0&destinations=1%3B2%3B3&annotations=duration (Caused by NewConnectionError('<urllib3.connection.HTTPSConnection object at 0x0000011735202160>: Failed to establish a new connection: [Errno 11001] getaddrinfo failed'))

During handling of the above exception, another exception occurred:

Traceback (most recent call last):
  File "C:\Users\Zara\Documents\GitHub\Personal Projects\home-finder\src\driving_times.py", line 94, in _osrm_table
    resp = requests.get(
  File "C:\Users\Zara\anaconda3\lib\site-packages\requests\api.py", line 73, in get
    return request("get", url, params=params, **kwargs)
  File "C:\Users\Zara\anaconda3\lib\site-packages\requests\api.py", line 59, in request
    return session.request(method=method, url=url, **kwargs)
  File "C:\Users\Zara\anaconda3\lib\site-packages\requests\sessions.py", line 589, in request
    resp = self.send(prep, **send_kwargs)
  File "C:\Users\Zara\anaconda3\lib\site-packages\requests\sessions.py", line 703, in send
    r = adapter.send(request, **kwargs)
  File "C:\Users\Zara\anaconda3\lib\site-packages\requests\adapters.py", line 677, in send
    raise ConnectionError(e, request=request)
requests.exceptions.ConnectionError: HTTPSConnectionPool(host='router.project-osrm.org', port=443): Max retries exceeded with url: /table/v1/driving/-71.1445267,42.3659531;-71.1404,42.3484;-71.0446,42.3519;-71.0847,42.3625?sources=0&destinations=1%3B2%3B3&annotations=duration (Caused by NewConnectionError('<urllib3.connection.HTTPSConnection object at 0x0000011735202160>: Failed to establish a new connection: [Errno 11001] getaddrinfo failed'))
2026-02-19 14:45:28,318 [INFO] redfin-finder:   [36/79] Driving times for: 88 Gordon St #305, Brighton, MA 02135
2026-02-19 14:45:28,492 [ERROR] src.driving_times: OSRM table request failed
Traceback (most recent call last):
  File "C:\Users\Zara\anaconda3\lib\site-packages\urllib3\connection.py", line 174, in _new_conn
    conn = connection.create_connection(
  File "C:\Users\Zara\anaconda3\lib\site-packages\urllib3\util\connection.py", line 72, in create_connection
    for res in socket.getaddrinfo(host, port, family, socket.SOCK_STREAM):
  File "C:\Users\Zara\anaconda3\lib\socket.py", line 954, in getaddrinfo
    for res in _socket.getaddrinfo(host, port, family, type, proto, flags):
socket.gaierror: [Errno 11001] getaddrinfo failed

During handling of the above exception, another exception occurred:

Traceback (most recent call last):
  File "C:\Users\Zara\anaconda3\lib\site-packages\urllib3\connectionpool.py", line 703, in urlopen
    httplib_response = self._make_request(
  File "C:\Users\Zara\anaconda3\lib\site-packages\urllib3\connectionpool.py", line 386, in _make_request
    self._validate_conn(conn)
  File "C:\Users\Zara\anaconda3\lib\site-packages\urllib3\connectionpool.py", line 1042, in _validate_conn
    conn.connect()
  File "C:\Users\Zara\anaconda3\lib\site-packages\urllib3\connection.py", line 358, in connect
    self.sock = conn = self._new_conn()
  File "C:\Users\Zara\anaconda3\lib\site-packages\urllib3\connection.py", line 186, in _new_conn
    raise NewConnectionError(
urllib3.exceptions.NewConnectionError: <urllib3.connection.HTTPSConnection object at 0x00000117352021C0>: Failed to establish a new connection: [Errno 11001] getaddrinfo failed

During handling of the above exception, another exception occurred:

Traceback (most recent call last):
  File "C:\Users\Zara\anaconda3\lib\site-packages\requests\adapters.py", line 644, in send
    resp = conn.urlopen(
  File "C:\Users\Zara\anaconda3\lib\site-packages\urllib3\connectionpool.py", line 787, in urlopen
    retries = retries.increment(
  File "C:\Users\Zara\anaconda3\lib\site-packages\urllib3\util\retry.py", line 592, in increment
    raise MaxRetryError(_pool, url, error or ResponseError(cause))
urllib3.exceptions.MaxRetryError: HTTPSConnectionPool(host='router.project-osrm.org', port=443): Max retries exceeded with url: /table/v1/driving/-71.139792,42.3497026;-71.1404,42.3484;-71.0446,42.3519;-71.0847,42.3625?sources=0&destinations=1%3B2%3B3&annotations=duration (Caused by NewConnectionError('<urllib3.connection.HTTPSConnection object at 0x00000117352021C0>: Failed to establish a new connection: [Errno 11001] getaddrinfo failed'))

During handling of the above exception, another exception occurred:

Traceback (most recent call last):
  File "C:\Users\Zara\Documents\GitHub\Personal Projects\home-finder\src\driving_times.py", line 94, in _osrm_table
    resp = requests.get(
  File "C:\Users\Zara\anaconda3\lib\site-packages\requests\api.py", line 73, in get
    return request("get", url, params=params, **kwargs)
  File "C:\Users\Zara\anaconda3\lib\site-packages\requests\api.py", line 59, in request
    return session.request(method=method, url=url, **kwargs)
  File "C:\Users\Zara\anaconda3\lib\site-packages\requests\sessions.py", line 589, in request
    resp = self.send(prep, **send_kwargs)
  File "C:\Users\Zara\anaconda3\lib\site-packages\requests\sessions.py", line 703, in send
    r = adapter.send(request, **kwargs)
  File "C:\Users\Zara\anaconda3\lib\site-packages\requests\adapters.py", line 677, in send
    raise ConnectionError(e, request=request)
requests.exceptions.ConnectionError: HTTPSConnectionPool(host='router.project-osrm.org', port=443): Max retries exceeded with url: /table/v1/driving/-71.139792,42.3497026;-71.1404,42.3484;-71.0446,42.3519;-71.0847,42.3625?sources=0&destinations=1%3B2%3B3&annotations=duration (Caused by NewConnectionError('<urllib3.connection.HTTPSConnection object at 0x00000117352021C0>: Failed to establish a new connection: [Errno 11001] getaddrinfo failed'))
2026-02-19 14:45:29,601 [INFO] redfin-finder:   [37/79] Driving times for: 60 Sutherland Rd #4, Brighton, MA 02135
2026-02-19 14:45:29,695 [ERROR] src.driving_times: OSRM table request failed
Traceback (most recent call last):
  File "C:\Users\Zara\anaconda3\lib\site-packages\urllib3\connection.py", line 174, in _new_conn
    conn = connection.create_connection(
  File "C:\Users\Zara\anaconda3\lib\site-packages\urllib3\util\connection.py", line 72, in create_connection
    for res in socket.getaddrinfo(host, port, family, socket.SOCK_STREAM):
  File "C:\Users\Zara\anaconda3\lib\socket.py", line 954, in getaddrinfo
    for res in _socket.getaddrinfo(host, port, family, type, proto, flags):
socket.gaierror: [Errno 11001] getaddrinfo failed

During handling of the above exception, another exception occurred:

Traceback (most recent call last):
  File "C:\Users\Zara\anaconda3\lib\site-packages\urllib3\connectionpool.py", line 703, in urlopen
    httplib_response = self._make_request(
  File "C:\Users\Zara\anaconda3\lib\site-packages\urllib3\connectionpool.py", line 386, in _make_request
    self._validate_conn(conn)
  File "C:\Users\Zara\anaconda3\lib\site-packages\urllib3\connectionpool.py", line 1042, in _validate_conn
    conn.connect()
  File "C:\Users\Zara\anaconda3\lib\site-packages\urllib3\connection.py", line 358, in connect
    self.sock = conn = self._new_conn()
  File "C:\Users\Zara\anaconda3\lib\site-packages\urllib3\connection.py", line 186, in _new_conn
    raise NewConnectionError(
urllib3.exceptions.NewConnectionError: <urllib3.connection.HTTPSConnection object at 0x0000011735202160>: Failed to establish a new connection: [Errno 11001] getaddrinfo failed

During handling of the above exception, another exception occurred:

Traceback (most recent call last):
  File "C:\Users\Zara\anaconda3\lib\site-packages\requests\adapters.py", line 644, in send
    resp = conn.urlopen(
  File "C:\Users\Zara\anaconda3\lib\site-packages\urllib3\connectionpool.py", line 787, in urlopen
    retries = retries.increment(
  File "C:\Users\Zara\anaconda3\lib\site-packages\urllib3\util\retry.py", line 592, in increment
    raise MaxRetryError(_pool, url, error or ResponseError(cause))
urllib3.exceptions.MaxRetryError: HTTPSConnectionPool(host='router.project-osrm.org', port=443): Max retries exceeded with url: /table/v1/driving/-71.1496602,42.338398;-71.1481,42.3365;-71.0446,42.3519;-71.0847,42.3625?sources=0&destinations=1%3B2%3B3&annotations=duration (Caused by NewConnectionError('<urllib3.connection.HTTPSConnection object at 0x0000011735202160>: Failed to establish a new connection: [Errno 11001] getaddrinfo failed'))

During handling of the above exception, another exception occurred:

Traceback (most recent call last):
  File "C:\Users\Zara\Documents\GitHub\Personal Projects\home-finder\src\driving_times.py", line 94, in _osrm_table
    resp = requests.get(
  File "C:\Users\Zara\anaconda3\lib\site-packages\requests\api.py", line 73, in get
    return request("get", url, params=params, **kwargs)
  File "C:\Users\Zara\anaconda3\lib\site-packages\requests\api.py", line 59, in request
    return session.request(method=method, url=url, **kwargs)
  File "C:\Users\Zara\anaconda3\lib\site-packages\requests\sessions.py", line 589, in request
    resp = self.send(prep, **send_kwargs)
  File "C:\Users\Zara\anaconda3\lib\site-packages\requests\sessions.py", line 703, in send
    r = adapter.send(request, **kwargs)
  File "C:\Users\Zara\anaconda3\lib\site-packages\requests\adapters.py", line 677, in send
    raise ConnectionError(e, request=request)
requests.exceptions.ConnectionError: HTTPSConnectionPool(host='router.project-osrm.org', port=443): Max retries exceeded with url: /table/v1/driving/-71.1496602,42.338398;-71.1481,42.3365;-71.0446,42.3519;-71.0847,42.3625?sources=0&destinations=1%3B2%3B3&annotations=duration (Caused by NewConnectionError('<urllib3.connection.HTTPSConnection object at 0x0000011735202160>: Failed to establish a new connection: [Errno 11001] getaddrinfo failed'))
2026-02-19 14:45:30,815 [INFO] redfin-finder:   [38/79] Driving times for: 1641 Commonwealth Ave #16, Brighton, MA 02135
2026-02-19 14:45:30,923 [ERROR] src.driving_times: OSRM table request failed
Traceback (most recent call last):
  File "C:\Users\Zara\anaconda3\lib\site-packages\urllib3\connection.py", line 174, in _new_conn
    conn = connection.create_connection(
  File "C:\Users\Zara\anaconda3\lib\site-packages\urllib3\util\connection.py", line 72, in create_connection
    for res in socket.getaddrinfo(host, port, family, socket.SOCK_STREAM):
  File "C:\Users\Zara\anaconda3\lib\socket.py", line 954, in getaddrinfo
    for res in _socket.getaddrinfo(host, port, family, type, proto, flags):
socket.gaierror: [Errno 11001] getaddrinfo failed

During handling of the above exception, another exception occurred:

Traceback (most recent call last):
  File "C:\Users\Zara\anaconda3\lib\site-packages\urllib3\connectionpool.py", line 703, in urlopen
    httplib_response = self._make_request(
  File "C:\Users\Zara\anaconda3\lib\site-packages\urllib3\connectionpool.py", line 386, in _make_request
    self._validate_conn(conn)
  File "C:\Users\Zara\anaconda3\lib\site-packages\urllib3\connectionpool.py", line 1042, in _validate_conn
    conn.connect()
  File "C:\Users\Zara\anaconda3\lib\site-packages\urllib3\connection.py", line 358, in connect
    self.sock = conn = self._new_conn()
  File "C:\Users\Zara\anaconda3\lib\site-packages\urllib3\connection.py", line 186, in _new_conn
    raise NewConnectionError(
urllib3.exceptions.NewConnectionError: <urllib3.connection.HTTPSConnection object at 0x00000117352021C0>: Failed to establish a new connection: [Errno 11001] getaddrinfo failed

During handling of the above exception, another exception occurred:

Traceback (most recent call last):
  File "C:\Users\Zara\anaconda3\lib\site-packages\requests\adapters.py", line 644, in send
    resp = conn.urlopen(
  File "C:\Users\Zara\anaconda3\lib\site-packages\urllib3\connectionpool.py", line 787, in urlopen
    retries = retries.increment(
  File "C:\Users\Zara\anaconda3\lib\site-packages\urllib3\util\retry.py", line 592, in increment
    raise MaxRetryError(_pool, url, error or ResponseError(cause))
urllib3.exceptions.MaxRetryError: HTTPSConnectionPool(host='router.project-osrm.org', port=443): Max retries exceeded with url: /table/v1/driving/-71.1444106,42.3428193;-71.1462,42.3418;-71.0446,42.3519;-71.0847,42.3625?sources=0&destinations=1%3B2%3B3&annotations=duration (Caused by NewConnectionError('<urllib3.connection.HTTPSConnection object at 0x00000117352021C0>: Failed to establish a new connection: [Errno 11001] getaddrinfo failed'))

During handling of the above exception, another exception occurred:

Traceback (most recent call last):
  File "C:\Users\Zara\Documents\GitHub\Personal Projects\home-finder\src\driving_times.py", line 94, in _osrm_table
    resp = requests.get(
  File "C:\Users\Zara\anaconda3\lib\site-packages\requests\api.py", line 73, in get
    return request("get", url, params=params, **kwargs)
  File "C:\Users\Zara\anaconda3\lib\site-packages\requests\api.py", line 59, in request
    return session.request(method=method, url=url, **kwargs)
  File "C:\Users\Zara\anaconda3\lib\site-packages\requests\sessions.py", line 589, in request
    resp = self.send(prep, **send_kwargs)
  File "C:\Users\Zara\anaconda3\lib\site-packages\requests\sessions.py", line 703, in send
    r = adapter.send(request, **kwargs)
  File "C:\Users\Zara\anaconda3\lib\site-packages\requests\adapters.py", line 677, in send
    raise ConnectionError(e, request=request)
requests.exceptions.ConnectionError: HTTPSConnectionPool(host='router.project-osrm.org', port=443): Max retries exceeded with url: /table/v1/driving/-71.1444106,42.3428193;-71.1462,42.3418;-71.0446,42.3519;-71.0847,42.3625?sources=0&destinations=1%3B2%3B3&annotations=duration (Caused by NewConnectionError('<urllib3.connection.HTTPSConnection object at 0x00000117352021C0>: Failed to establish a new connection: [Errno 11001] getaddrinfo failed'))
2026-02-19 14:45:32,038 [INFO] redfin-finder:   [39/79] Driving times for: 88 Gordon St #304, Brighton, MA 02135
2026-02-19 14:45:32,120 [ERROR] src.driving_times: OSRM table request failed
Traceback (most recent call last):
  File "C:\Users\Zara\anaconda3\lib\site-packages\urllib3\connection.py", line 174, in _new_conn
    conn = connection.create_connection(
  File "C:\Users\Zara\anaconda3\lib\site-packages\urllib3\util\connection.py", line 72, in create_connection
    for res in socket.getaddrinfo(host, port, family, socket.SOCK_STREAM):
  File "C:\Users\Zara\anaconda3\lib\socket.py", line 954, in getaddrinfo
    for res in _socket.getaddrinfo(host, port, family, type, proto, flags):
socket.gaierror: [Errno 11001] getaddrinfo failed

During handling of the above exception, another exception occurred:

Traceback (most recent call last):
  File "C:\Users\Zara\anaconda3\lib\site-packages\urllib3\connectionpool.py", line 703, in urlopen
    httplib_response = self._make_request(
  File "C:\Users\Zara\anaconda3\lib\site-packages\urllib3\connectionpool.py", line 386, in _make_request
    self._validate_conn(conn)
  File "C:\Users\Zara\anaconda3\lib\site-packages\urllib3\connectionpool.py", line 1042, in _validate_conn
    conn.connect()
  File "C:\Users\Zara\anaconda3\lib\site-packages\urllib3\connection.py", line 358, in connect
    self.sock = conn = self._new_conn()
  File "C:\Users\Zara\anaconda3\lib\site-packages\urllib3\connection.py", line 186, in _new_conn
    raise NewConnectionError(
urllib3.exceptions.NewConnectionError: <urllib3.connection.HTTPSConnection object at 0x0000011735202160>: Failed to establish a new connection: [Errno 11001] getaddrinfo failed

During handling of the above exception, another exception occurred:

Traceback (most recent call last):
  File "C:\Users\Zara\anaconda3\lib\site-packages\requests\adapters.py", line 644, in send
    resp = conn.urlopen(
  File "C:\Users\Zara\anaconda3\lib\site-packages\urllib3\connectionpool.py", line 787, in urlopen
    retries = retries.increment(
  File "C:\Users\Zara\anaconda3\lib\site-packages\urllib3\util\retry.py", line 592, in increment
    raise MaxRetryError(_pool, url, error or ResponseError(cause))
urllib3.exceptions.MaxRetryError: HTTPSConnectionPool(host='router.project-osrm.org', port=443): Max retries exceeded with url: /table/v1/driving/-71.139792,42.3497026;-71.1404,42.3484;-71.0446,42.3519;-71.0847,42.3625?sources=0&destinations=1%3B2%3B3&annotations=duration (Caused by NewConnectionError('<urllib3.connection.HTTPSConnection object at 0x0000011735202160>: Failed to establish a new connection: [Errno 11001] getaddrinfo failed'))

During handling of the above exception, another exception occurred:

Traceback (most recent call last):
  File "C:\Users\Zara\Documents\GitHub\Personal Projects\home-finder\src\driving_times.py", line 94, in _osrm_table
    resp = requests.get(
  File "C:\Users\Zara\anaconda3\lib\site-packages\requests\api.py", line 73, in get
    return request("get", url, params=params, **kwargs)
  File "C:\Users\Zara\anaconda3\lib\site-packages\requests\api.py", line 59, in request
    return session.request(method=method, url=url, **kwargs)
  File "C:\Users\Zara\anaconda3\lib\site-packages\requests\sessions.py", line 589, in request
    resp = self.send(prep, **send_kwargs)
  File "C:\Users\Zara\anaconda3\lib\site-packages\requests\sessions.py", line 703, in send
    r = adapter.send(request, **kwargs)
  File "C:\Users\Zara\anaconda3\lib\site-packages\requests\adapters.py", line 677, in send
    raise ConnectionError(e, request=request)
requests.exceptions.ConnectionError: HTTPSConnectionPool(host='router.project-osrm.org', port=443): Max retries exceeded with url: /table/v1/driving/-71.139792,42.3497026;-71.1404,42.3484;-71.0446,42.3519;-71.0847,42.3625?sources=0&destinations=1%3B2%3B3&annotations=duration (Caused by NewConnectionError('<urllib3.connection.HTTPSConnection object at 0x0000011735202160>: Failed to establish a new connection: [Errno 11001] getaddrinfo failed'))
2026-02-19 14:45:33,236 [INFO] redfin-finder:   [40/79] Driving times for: 7 Lothian Rd Unit B, Brighton, MA 02135
2026-02-19 14:45:33,377 [ERROR] src.driving_times: OSRM table request failed
Traceback (most recent call last):
  File "C:\Users\Zara\anaconda3\lib\site-packages\urllib3\connection.py", line 174, in _new_conn
    conn = connection.create_connection(
  File "C:\Users\Zara\anaconda3\lib\site-packages\urllib3\util\connection.py", line 72, in create_connection
    for res in socket.getaddrinfo(host, port, family, socket.SOCK_STREAM):
  File "C:\Users\Zara\anaconda3\lib\socket.py", line 954, in getaddrinfo
    for res in _socket.getaddrinfo(host, port, family, type, proto, flags):
socket.gaierror: [Errno 11001] getaddrinfo failed

During handling of the above exception, another exception occurred:

Traceback (most recent call last):
  File "C:\Users\Zara\anaconda3\lib\site-packages\urllib3\connectionpool.py", line 703, in urlopen
    httplib_response = self._make_request(
  File "C:\Users\Zara\anaconda3\lib\site-packages\urllib3\connectionpool.py", line 386, in _make_request
    self._validate_conn(conn)
  File "C:\Users\Zara\anaconda3\lib\site-packages\urllib3\connectionpool.py", line 1042, in _validate_conn
    conn.connect()
  File "C:\Users\Zara\anaconda3\lib\site-packages\urllib3\connection.py", line 358, in connect
    self.sock = conn = self._new_conn()
  File "C:\Users\Zara\anaconda3\lib\site-packages\urllib3\connection.py", line 186, in _new_conn
    raise NewConnectionError(
urllib3.exceptions.NewConnectionError: <urllib3.connection.HTTPSConnection object at 0x00000117352020D0>: Failed to establish a new connection: [Errno 11001] getaddrinfo failed

During handling of the above exception, another exception occurred:

Traceback (most recent call last):
  File "C:\Users\Zara\anaconda3\lib\site-packages\requests\adapters.py", line 644, in send
    resp = conn.urlopen(
  File "C:\Users\Zara\anaconda3\lib\site-packages\urllib3\connectionpool.py", line 787, in urlopen
    retries = retries.increment(
  File "C:\Users\Zara\anaconda3\lib\site-packages\urllib3\util\retry.py", line 592, in increment
    raise MaxRetryError(_pool, url, error or ResponseError(cause))
urllib3.exceptions.MaxRetryError: HTTPSConnectionPool(host='router.project-osrm.org', port=443): Max retries exceeded with url: /table/v1/driving/-71.1536553,42.3403371;-71.1528,42.3407;-71.0446,42.3519;-71.0847,42.3625?sources=0&destinations=1%3B2%3B3&annotations=duration (Caused by NewConnectionError('<urllib3.connection.HTTPSConnection object at 0x00000117352020D0>: Failed to establish a new connection: [Errno 11001] getaddrinfo failed'))

During handling of the above exception, another exception occurred:

Traceback (most recent call last):
  File "C:\Users\Zara\Documents\GitHub\Personal Projects\home-finder\src\driving_times.py", line 94, in _osrm_table
    resp = requests.get(
  File "C:\Users\Zara\anaconda3\lib\site-packages\requests\api.py", line 73, in get
    return request("get", url, params=params, **kwargs)
  File "C:\Users\Zara\anaconda3\lib\site-packages\requests\api.py", line 59, in request
    return session.request(method=method, url=url, **kwargs)
  File "C:\Users\Zara\anaconda3\lib\site-packages\requests\sessions.py", line 589, in request
    resp = self.send(prep, **send_kwargs)
  File "C:\Users\Zara\anaconda3\lib\site-packages\requests\sessions.py", line 703, in send
    r = adapter.send(request, **kwargs)
  File "C:\Users\Zara\anaconda3\lib\site-packages\requests\adapters.py", line 677, in send
    raise ConnectionError(e, request=request)
requests.exceptions.ConnectionError: HTTPSConnectionPool(host='router.project-osrm.org', port=443): Max retries exceeded with url: /table/v1/driving/-71.1536553,42.3403371;-71.1528,42.3407;-71.0446,42.3519;-71.0847,42.3625?sources=0&destinations=1%3B2%3B3&annotations=duration (Caused by NewConnectionError('<urllib3.connection.HTTPSConnection object at 0x00000117352020D0>: Failed to establish a new connection: [Errno 11001] getaddrinfo failed'))
2026-02-19 14:45:34,500 [INFO] redfin-finder:   [41/79] Driving times for: 15 Colliston Rd #6, Brighton, MA 02135
2026-02-19 14:45:34,631 [ERROR] src.driving_times: OSRM table request failed
Traceback (most recent call last):
  File "C:\Users\Zara\anaconda3\lib\site-packages\urllib3\connection.py", line 174, in _new_conn
    conn = connection.create_connection(
  File "C:\Users\Zara\anaconda3\lib\site-packages\urllib3\util\connection.py", line 72, in create_connection
    for res in socket.getaddrinfo(host, port, family, socket.SOCK_STREAM):
  File "C:\Users\Zara\anaconda3\lib\socket.py", line 954, in getaddrinfo
    for res in _socket.getaddrinfo(host, port, family, type, proto, flags):
socket.gaierror: [Errno 11001] getaddrinfo failed

During handling of the above exception, another exception occurred:

Traceback (most recent call last):
  File "C:\Users\Zara\anaconda3\lib\site-packages\urllib3\connectionpool.py", line 703, in urlopen
    httplib_response = self._make_request(
  File "C:\Users\Zara\anaconda3\lib\site-packages\urllib3\connectionpool.py", line 386, in _make_request
    self._validate_conn(conn)
  File "C:\Users\Zara\anaconda3\lib\site-packages\urllib3\connectionpool.py", line 1042, in _validate_conn
    conn.connect()
  File "C:\Users\Zara\anaconda3\lib\site-packages\urllib3\connection.py", line 358, in connect
    self.sock = conn = self._new_conn()
  File "C:\Users\Zara\anaconda3\lib\site-packages\urllib3\connection.py", line 186, in _new_conn
    raise NewConnectionError(
urllib3.exceptions.NewConnectionError: <urllib3.connection.HTTPSConnection object at 0x00000117352021F0>: Failed to establish a new connection: [Errno 11001] getaddrinfo failed

During handling of the above exception, another exception occurred:

Traceback (most recent call last):
  File "C:\Users\Zara\anaconda3\lib\site-packages\requests\adapters.py", line 644, in send
    resp = conn.urlopen(
  File "C:\Users\Zara\anaconda3\lib\site-packages\urllib3\connectionpool.py", line 787, in urlopen
    retries = retries.increment(
  File "C:\Users\Zara\anaconda3\lib\site-packages\urllib3\util\retry.py", line 592, in increment
    raise MaxRetryError(_pool, url, error or ResponseError(cause))
urllib3.exceptions.MaxRetryError: HTTPSConnectionPool(host='router.project-osrm.org', port=443): Max retries exceeded with url: /table/v1/driving/-71.1456393,42.3396819;-71.1462,42.3418;-71.0446,42.3519;-71.0847,42.3625?sources=0&destinations=1%3B2%3B3&annotations=duration (Caused by NewConnectionError('<urllib3.connection.HTTPSConnection object at 0x00000117352021F0>: Failed to establish a new connection: [Errno 11001] getaddrinfo failed'))

During handling of the above exception, another exception occurred:

Traceback (most recent call last):
  File "C:\Users\Zara\Documents\GitHub\Personal Projects\home-finder\src\driving_times.py", line 94, in _osrm_table
    resp = requests.get(
  File "C:\Users\Zara\anaconda3\lib\site-packages\requests\api.py", line 73, in get
    return request("get", url, params=params, **kwargs)
  File "C:\Users\Zara\anaconda3\lib\site-packages\requests\api.py", line 59, in request
    return session.request(method=method, url=url, **kwargs)
  File "C:\Users\Zara\anaconda3\lib\site-packages\requests\sessions.py", line 589, in request
    resp = self.send(prep, **send_kwargs)
  File "C:\Users\Zara\anaconda3\lib\site-packages\requests\sessions.py", line 703, in send
    r = adapter.send(request, **kwargs)
  File "C:\Users\Zara\anaconda3\lib\site-packages\requests\adapters.py", line 677, in send
    raise ConnectionError(e, request=request)
requests.exceptions.ConnectionError: HTTPSConnectionPool(host='router.project-osrm.org', port=443): Max retries exceeded with url: /table/v1/driving/-71.1456393,42.3396819;-71.1462,42.3418;-71.0446,42.3519;-71.0847,42.3625?sources=0&destinations=1%3B2%3B3&annotations=duration (Caused by NewConnectionError('<urllib3.connection.HTTPSConnection object at 0x00000117352021F0>: Failed to establish a new connection: [Errno 11001] getaddrinfo failed'))
2026-02-19 14:45:35,740 [INFO] redfin-finder:   [42/79] Driving times for: 100 Lanark Rd #8, Brighton, MA 02135
2026-02-19 14:45:35,823 [ERROR] src.driving_times: OSRM table request failed
Traceback (most recent call last):
  File "C:\Users\Zara\anaconda3\lib\site-packages\urllib3\connection.py", line 174, in _new_conn
    conn = connection.create_connection(
  File "C:\Users\Zara\anaconda3\lib\site-packages\urllib3\util\connection.py", line 72, in create_connection
    for res in socket.getaddrinfo(host, port, family, socket.SOCK_STREAM):
  File "C:\Users\Zara\anaconda3\lib\socket.py", line 954, in getaddrinfo
    for res in _socket.getaddrinfo(host, port, family, type, proto, flags):
socket.gaierror: [Errno 11001] getaddrinfo failed

During handling of the above exception, another exception occurred:

Traceback (most recent call last):
  File "C:\Users\Zara\anaconda3\lib\site-packages\urllib3\connectionpool.py", line 703, in urlopen
    httplib_response = self._make_request(
  File "C:\Users\Zara\anaconda3\lib\site-packages\urllib3\connectionpool.py", line 386, in _make_request
    self._validate_conn(conn)
  File "C:\Users\Zara\anaconda3\lib\site-packages\urllib3\connectionpool.py", line 1042, in _validate_conn
    conn.connect()
  File "C:\Users\Zara\anaconda3\lib\site-packages\urllib3\connection.py", line 358, in connect
    self.sock = conn = self._new_conn()
  File "C:\Users\Zara\anaconda3\lib\site-packages\urllib3\connection.py", line 186, in _new_conn
    raise NewConnectionError(
urllib3.exceptions.NewConnectionError: <urllib3.connection.HTTPSConnection object at 0x0000011735202280>: Failed to establish a new connection: [Errno 11001] getaddrinfo failed

During handling of the above exception, another exception occurred:

Traceback (most recent call last):
  File "C:\Users\Zara\anaconda3\lib\site-packages\requests\adapters.py", line 644, in send
    resp = conn.urlopen(
  File "C:\Users\Zara\anaconda3\lib\site-packages\urllib3\connectionpool.py", line 787, in urlopen
    retries = retries.increment(
  File "C:\Users\Zara\anaconda3\lib\site-packages\urllib3\util\retry.py", line 592, in increment
    raise MaxRetryError(_pool, url, error or ResponseError(cause))
urllib3.exceptions.MaxRetryError: HTTPSConnectionPool(host='router.project-osrm.org', port=443): Max retries exceeded with url: /table/v1/driving/-71.1483592,42.3405555;-71.1462,42.3418;-71.0446,42.3519;-71.0847,42.3625?sources=0&destinations=1%3B2%3B3&annotations=duration (Caused by NewConnectionError('<urllib3.connection.HTTPSConnection object at 0x0000011735202280>: Failed to establish a new connection: [Errno 11001] getaddrinfo failed'))

During handling of the above exception, another exception occurred:

Traceback (most recent call last):
  File "C:\Users\Zara\Documents\GitHub\Personal Projects\home-finder\src\driving_times.py", line 94, in _osrm_table
    resp = requests.get(
  File "C:\Users\Zara\anaconda3\lib\site-packages\requests\api.py", line 73, in get
    return request("get", url, params=params, **kwargs)
  File "C:\Users\Zara\anaconda3\lib\site-packages\requests\api.py", line 59, in request
    return session.request(method=method, url=url, **kwargs)
  File "C:\Users\Zara\anaconda3\lib\site-packages\requests\sessions.py", line 589, in request
    resp = self.send(prep, **send_kwargs)
  File "C:\Users\Zara\anaconda3\lib\site-packages\requests\sessions.py", line 703, in send
    r = adapter.send(request, **kwargs)
  File "C:\Users\Zara\anaconda3\lib\site-packages\requests\adapters.py", line 677, in send
    raise ConnectionError(e, request=request)
requests.exceptions.ConnectionError: HTTPSConnectionPool(host='router.project-osrm.org', port=443): Max retries exceeded with url: /table/v1/driving/-71.1483592,42.3405555;-71.1462,42.3418;-71.0446,42.3519;-71.0847,42.3625?sources=0&destinations=1%3B2%3B3&annotations=duration (Caused by NewConnectionError('<urllib3.connection.HTTPSConnection object at 0x0000011735202280>: Failed to establish a new connection: [Errno 11001] getaddrinfo failed'))
2026-02-25 17:55:51,603 [INFO] redfin-finder: ============================================================
2026-02-25 17:55:51,604 [INFO] redfin-finder: Redfin Finder run started at 2026-02-25 17:55:51
2026-02-25 17:55:51,604 [INFO] redfin-finder: ============================================================
2026-02-25 17:55:51,604 [INFO] redfin-finder: Step 1/5: Scraping Redfin for new listings...
2026-02-25 17:55:51,617 [INFO] src.scraper: All 37 ZIP region IDs loaded from cache
2026-02-25 17:55:51,631 [INFO] src.scraper: Searching Quincy (02169) (region_id=660)...
2026-02-25 17:55:52,024 [INFO] src.scraper: Quincy (02169) (region 660): 64 homes returned
2026-02-25 17:55:56,022 [INFO] src.scraper: Searching Quincy (02170) (region_id=661)...
2026-02-25 17:55:56,164 [INFO] src.scraper: Quincy (02170) (region 661): 5 homes returned
2026-02-25 17:55:58,535 [INFO] src.scraper: Searching Quincy (02171) (region_id=662)...
2026-02-25 17:55:58,706 [INFO] src.scraper: Quincy (02171) (region 662): 22 homes returned
2026-02-25 17:56:01,140 [INFO] src.scraper: Searching Waltham (02451) (region_id=750)...
2026-02-25 17:56:01,294 [INFO] src.scraper: Waltham (02451) (region 750): 10 homes returned
2026-02-25 17:56:04,647 [INFO] src.scraper: Searching Waltham (02452) (region_id=751)...
2026-02-25 17:56:04,779 [INFO] src.scraper: Waltham (02452) (region 751): 1 homes returned
2026-02-25 17:56:07,957 [INFO] src.scraper: Searching Waltham (02453) (region_id=752)...
2026-02-25 17:56:08,129 [INFO] src.scraper: Waltham (02453) (region 752): 26 homes returned
2026-02-25 17:56:11,963 [INFO] src.scraper: Searching Waltham (02454) (region_id=753)...
2026-02-25 17:56:12,063 [INFO] src.scraper: Waltham (02454) (region 753): 0 homes returned
2026-02-25 17:56:16,936 [INFO] src.scraper: Searching Newton (02458) (region_id=757)...
2026-02-25 17:56:17,086 [INFO] src.scraper: Newton (02458) (region 757): 18 homes returned
2026-02-25 17:56:20,233 [INFO] src.scraper: Searching Newton (02459) (region_id=758)...
2026-02-25 17:56:20,430 [INFO] src.scraper: Newton (02459) (region 758): 37 homes returned
2026-02-25 17:56:23,848 [INFO] src.scraper: Searching Newton (02460) (region_id=759)...
2026-02-25 17:56:24,010 [INFO] src.scraper: Newton (02460) (region 759): 10 homes returned
2026-02-25 17:56:27,787 [INFO] src.scraper: Searching Newton (02461) (region_id=760)...
2026-02-25 17:56:27,970 [INFO] src.scraper: Newton (02461) (region 760): 25 homes returned
2026-02-25 17:56:30,146 [INFO] src.scraper: Searching Newton (02462) (region_id=761)...
2026-02-25 17:56:30,288 [INFO] src.scraper: Newton (02462) (region 761): 2 homes returned
2026-02-25 17:56:35,239 [INFO] src.scraper: Searching Newton (02464) (region_id=762)...
2026-02-25 17:56:35,374 [INFO] src.scraper: Newton (02464) (region 762): 4 homes returned
2026-02-25 17:56:39,124 [INFO] src.scraper: Searching Newton (02465) (region_id=763)...
2026-02-25 17:56:39,292 [INFO] src.scraper: Newton (02465) (region 763): 8 homes returned
2026-02-25 17:56:42,427 [INFO] src.scraper: Searching Newton (02466) (region_id=764)...
2026-02-25 17:56:42,576 [INFO] src.scraper: Newton (02466) (region 764): 6 homes returned
2026-02-25 17:56:45,560 [INFO] src.scraper: Searching Newton (02467) (region_id=765)...
2026-02-25 17:56:45,747 [INFO] src.scraper: Newton (02467) (region 765): 39 homes returned
2026-02-25 17:56:48,568 [INFO] src.scraper: Searching Newton (02468) (region_id=766)...
2026-02-25 17:56:48,724 [INFO] src.scraper: Newton (02468) (region 766): 11 homes returned
2026-02-25 17:56:51,992 [INFO] src.scraper: Searching Watertown (02471) (region_id=767)...
2026-02-25 17:56:52,227 [INFO] src.scraper: Watertown (02471) (region 767): 76 homes returned
2026-02-25 17:56:57,040 [INFO] src.scraper: Searching Watertown (02472) (region_id=768)...
2026-02-25 17:56:57,222 [INFO] src.scraper: Watertown (02472) (region 768): 37 homes returned
2026-02-25 17:57:00,918 [INFO] src.scraper: Searching Brighton (02135) (region_id=640)...
2026-02-25 17:57:01,183 [INFO] src.scraper: Brighton (02135) (region 640): 93 homes returned
2026-02-25 17:57:04,417 [INFO] src.scraper: Searching Allston (02134) (region_id=639)...
2026-02-25 17:57:04,637 [INFO] src.scraper: Allston (02134) (region 639): 27 homes returned
2026-02-25 17:57:08,070 [INFO] src.scraper: Searching Somerville (02143) (region_id=648)...
2026-02-25 17:57:08,239 [INFO] src.scraper: Somerville (02143) (region 648): 26 homes returned
2026-02-25 17:57:10,548 [INFO] src.scraper: Searching Somerville (02144) (region_id=649)...
2026-02-25 17:57:10,742 [INFO] src.scraper: Somerville (02144) (region 649): 17 homes returned
2026-02-25 17:57:12,829 [INFO] src.scraper: Searching Somerville (02145) (region_id=650)...
2026-02-25 17:57:13,005 [INFO] src.scraper: Somerville (02145) (region 650): 25 homes returned
2026-02-25 17:57:17,189 [INFO] src.scraper: Searching Cambridge (02138) (region_id=643)...
2026-02-25 17:57:17,386 [INFO] src.scraper: Cambridge (02138) (region 643): 34 homes returned
2026-02-25 17:57:19,509 [INFO] src.scraper: Searching Cambridge (02139) (region_id=644)...
2026-02-25 17:57:19,739 [INFO] src.scraper: Cambridge (02139) (region 644): 24 homes returned
2026-02-25 17:57:24,673 [INFO] src.scraper: Searching Cambridge (02140) (region_id=645)...
2026-02-25 17:57:24,833 [INFO] src.scraper: Cambridge (02140) (region 645): 16 homes returned
2026-02-25 17:57:29,638 [INFO] src.scraper: Searching Cambridge (02141) (region_id=646)...
2026-02-25 17:57:29,848 [INFO] src.scraper: Cambridge (02141) (region 646): 40 homes returned
2026-02-25 17:57:33,761 [INFO] src.scraper: Searching Cambridge (02142) (region_id=647)...
2026-02-25 17:57:33,912 [INFO] src.scraper: Cambridge (02142) (region 647): 3 homes returned
2026-02-25 17:57:36,584 [INFO] src.scraper: Searching Brookline (02445) (region_id=747)...
2026-02-25 17:57:36,763 [INFO] src.scraper: Brookline (02445) (region 747): 35 homes returned
2026-02-25 17:57:40,700 [INFO] src.scraper: Searching Brookline (02446) (region_id=748)...
2026-02-25 17:57:40,874 [INFO] src.scraper: Brookline (02446) (region 748): 34 homes returned
2026-02-25 17:57:43,412 [INFO] src.scraper: Searching Brookline (02447) (region_id=749)...
2026-02-25 17:57:43,770 [INFO] src.scraper: Brookline (02447) (region 749): 167 homes returned
2026-02-25 17:57:47,902 [INFO] src.scraper: Searching Medford (02155) (region_id=657)...
2026-02-25 17:57:48,100 [INFO] src.scraper: Medford (02155) (region 657): 51 homes returned
2026-02-25 17:57:51,834 [INFO] src.scraper: Searching Medford (02156) (region_id=658)...
2026-02-25 17:57:52,026 [INFO] src.scraper: Medford (02156) (region 658): 36 homes returned
2026-02-25 17:57:54,344 [INFO] src.scraper: Searching Arlington (02474) (region_id=769)...
2026-02-25 17:57:54,484 [INFO] src.scraper: Arlington (02474) (region 769): 9 homes returned
2026-02-25 17:57:56,955 [INFO] src.scraper: Searching Arlington (02476) (region_id=771)...
2026-02-25 17:57:57,109 [INFO] src.scraper: Arlington (02476) (region 771): 12 homes returned
2026-02-25 17:58:01,375 [INFO] src.scraper: Searching Belmont (02478) (region_id=773)...
2026-02-25 17:58:01,534 [INFO] src.scraper: Belmont (02478) (region 773): 14 homes returned
2026-02-25 17:58:06,125 [INFO] src.scraper: Total new listings found: 141
2026-02-25 17:58:06,127 [INFO] redfin-finder: Raw listings from scraper: 141
2026-02-25 17:58:06,128 [INFO] redfin-finder: Step 2/5: Applying location and price filters...
2026-02-25 17:58:06,129 [INFO] redfin-finder: After filtering: 9 listings
2026-02-25 17:58:06,129 [INFO] redfin-finder: Step 3/5: Computing driving times (OSRM + Nominatim)...
2026-02-25 17:58:06,130 [INFO] redfin-finder:   [1/9] Driving times for: 40 Cross St #1, Quincy, MA 02169
2026-02-25 17:58:08,242 [INFO] redfin-finder:   [2/9] Driving times for: 195 Thomas Burgin Pkwy #301, Quincy, MA 02169
2026-02-25 17:58:18,252 [INFO] redfin-finder:   [3/9] Driving times for: 585 Washington St #202, Quincy, MA 02169
2026-02-25 17:58:28,257 [INFO] redfin-finder:   [4/9] Driving times for: 388 Washington St #101, Quincy, MA 02169
2026-02-25 17:58:38,244 [INFO] redfin-finder:   [5/9] Driving times for: 186 Lexington St #8, Watertown, MA 02472
2026-02-25 17:58:48,251 [INFO] redfin-finder:   [6/9] Driving times for: 191 Washington St #317, Boston, MA 02135
2026-02-25 17:58:58,262 [INFO] redfin-finder:   [7/9] Driving times for: 191 Washington St, Boston, MA 02135
2026-02-25 17:59:08,264 [INFO] redfin-finder:   [8/9] Driving times for: 8 Avon St #10, Somerville, MA 02143
2026-02-25 17:59:18,267 [INFO] redfin-finder:   [9/9] Driving times for: 64 Queensberry St #114, Boston, MA 02215
2026-02-25 17:59:28,285 [INFO] redfin-finder: Step 4/5: Estimating rentals and computing ratings...
2026-02-25 17:59:28,286 [INFO] redfin-finder: Step 5/5: Building Excel workbook...
2026-02-25 17:59:28,378 [INFO] redfin-finder: Workbook saved: C:\Users\Zara\Documents\GitHub\Personal-Projects\home-finder\data\listings_20260225_175551.xlsx
2026-02-25 17:59:28,425 [INFO] redfin-finder: Updated main workbook: C:\Users\Zara\Documents\GitHub\Personal-Projects\home-finder\data\listings.xlsx
2026-02-25 17:59:28,426 [INFO] redfin-finder: ============================================================
2026-02-25 17:59:28,426 [INFO] redfin-finder: Run complete in 216.8 seconds
2026-02-25 17:59:28,426 [INFO] redfin-finder: Total listings: 9
2026-02-25 17:59:28,426 [INFO] redfin-finder:   Green: 3 | Yellow: 6 | Red: 0
2026-02-25 17:59:28,427 [INFO] redfin-finder: Output: C:\Users\Zara\Documents\GitHub\Personal-Projects\home-finder\data\listings_20260225_175551.xlsx
2026-02-25 17:59:28,427 [INFO] redfin-finder: ============================================================
2026-02-26 11:19:02,395 [INFO] redfin-finder: ============================================================
2026-02-26 11:19:02,396 [INFO] redfin-finder: Redfin Finder run started at 2026-02-26 11:19:02
2026-02-26 11:19:02,396 [INFO] redfin-finder: ============================================================
2026-02-26 11:19:02,396 [INFO] redfin-finder: Step 1/5: Scraping Redfin for new listings...
2026-02-26 11:19:02,400 [INFO] src.scraper: All 37 ZIP region IDs loaded from cache
2026-02-26 11:19:02,418 [INFO] src.scraper: Searching Quincy (02169) (region_id=660)...
2026-02-26 11:19:02,835 [INFO] src.scraper: Quincy (02169) (region 660): 64 homes returned
2026-02-26 11:19:07,282 [INFO] src.scraper: Searching Quincy (02170) (region_id=661)...
2026-02-26 11:19:07,448 [INFO] src.scraper: Quincy (02170) (region 661): 5 homes returned
2026-02-26 11:19:11,310 [INFO] src.scraper: Searching Quincy (02171) (region_id=662)...
2026-02-26 11:19:11,843 [INFO] src.scraper: Quincy (02171) (region 662): 22 homes returned
2026-02-26 11:19:14,000 [INFO] src.scraper: Searching Waltham (02451) (region_id=750)...
2026-02-26 11:19:14,198 [INFO] src.scraper: Waltham (02451) (region 750): 10 homes returned
2026-02-26 11:19:18,451 [INFO] src.scraper: Searching Waltham (02452) (region_id=751)...
2026-02-26 11:19:18,704 [INFO] src.scraper: Waltham (02452) (region 751): 1 homes returned
2026-02-26 11:19:20,895 [INFO] src.scraper: Searching Waltham (02453) (region_id=752)...
2026-02-26 11:19:21,163 [INFO] src.scraper: Waltham (02453) (region 752): 27 homes returned
2026-02-26 11:19:25,787 [INFO] src.scraper: Searching Waltham (02454) (region_id=753)...
2026-02-26 11:19:25,989 [INFO] src.scraper: Waltham (02454) (region 753): 0 homes returned
2026-02-26 11:19:28,173 [INFO] src.scraper: Searching Newton (02458) (region_id=757)...
2026-02-26 11:19:28,346 [INFO] src.scraper: Newton (02458) (region 757): 18 homes returned
2026-02-26 11:19:32,180 [INFO] src.scraper: Searching Newton (02459) (region_id=758)...
2026-02-26 11:19:32,412 [INFO] src.scraper: Newton (02459) (region 758): 37 homes returned
2026-02-26 11:19:35,731 [INFO] src.scraper: Searching Newton (02460) (region_id=759)...
2026-02-26 11:19:35,907 [INFO] src.scraper: Newton (02460) (region 759): 10 homes returned
2026-02-26 11:19:38,331 [INFO] src.scraper: Searching Newton (02461) (region_id=760)...
2026-02-26 11:19:38,541 [INFO] src.scraper: Newton (02461) (region 760): 26 homes returned
2026-02-26 11:19:41,902 [INFO] src.scraper: Searching Newton (02462) (region_id=761)...
2026-02-26 11:19:42,066 [INFO] src.scraper: Newton (02462) (region 761): 2 homes returned
2026-02-26 11:19:45,684 [INFO] src.scraper: Searching Newton (02464) (region_id=762)...
2026-02-26 11:19:45,824 [INFO] src.scraper: Newton (02464) (region 762): 4 homes returned
2026-02-26 11:19:50,490 [INFO] src.scraper: Searching Newton (02465) (region_id=763)...
2026-02-26 11:19:50,766 [INFO] src.scraper: Newton (02465) (region 763): 8 homes returned
2026-02-26 11:19:55,294 [INFO] src.scraper: Searching Newton (02466) (region_id=764)...
2026-02-26 11:19:55,451 [INFO] src.scraper: Newton (02466) (region 764): 6 homes returned
2026-02-26 11:19:58,357 [INFO] src.scraper: Searching Newton (02467) (region_id=765)...
2026-02-26 11:19:58,580 [INFO] src.scraper: Newton (02467) (region 765): 38 homes returned
2026-02-26 11:20:01,342 [INFO] src.scraper: Searching Newton (02468) (region_id=766)...
2026-02-26 11:20:01,491 [INFO] src.scraper: Newton (02468) (region 766): 12 homes returned
2026-02-26 11:20:04,018 [INFO] src.scraper: Searching Watertown (02471) (region_id=767)...
2026-02-26 11:20:04,260 [INFO] src.scraper: Watertown (02471) (region 767): 81 homes returned
2026-02-26 11:20:06,773 [INFO] src.scraper: Searching Watertown (02472) (region_id=768)...
2026-02-26 11:20:06,989 [INFO] src.scraper: Watertown (02472) (region 768): 40 homes returned
2026-02-26 11:20:11,668 [INFO] src.scraper: Searching Brighton (02135) (region_id=640)...
2026-02-26 11:20:11,985 [INFO] src.scraper: Brighton (02135) (region 640): 95 homes returned
2026-02-26 11:20:16,442 [INFO] src.scraper: Searching Allston (02134) (region_id=639)...
2026-02-26 11:20:16,665 [INFO] src.scraper: Allston (02134) (region 639): 28 homes returned
2026-02-26 11:20:19,547 [INFO] src.scraper: Searching Somerville (02143) (region_id=648)...
2026-02-26 11:20:19,843 [INFO] src.scraper: Somerville (02143) (region 648): 28 homes returned
2026-02-26 11:20:24,102 [INFO] src.scraper: Searching Somerville (02144) (region_id=649)...
2026-02-26 11:20:24,345 [INFO] src.scraper: Somerville (02144) (region 649): 17 homes returned
2026-02-26 11:20:27,410 [INFO] src.scraper: Searching Somerville (02145) (region_id=650)...
2026-02-26 11:20:27,621 [INFO] src.scraper: Somerville (02145) (region 650): 25 homes returned
2026-02-26 11:20:31,271 [INFO] src.scraper: Searching Cambridge (02138) (region_id=643)...
2026-02-26 11:20:31,516 [INFO] src.scraper: Cambridge (02138) (region 643): 34 homes returned
2026-02-26 11:20:33,971 [INFO] src.scraper: Searching Cambridge (02139) (region_id=644)...
2026-02-26 11:20:34,178 [INFO] src.scraper: Cambridge (02139) (region 644): 25 homes returned
2026-02-26 11:20:38,166 [INFO] src.scraper: Searching Cambridge (02140) (region_id=645)...
2026-02-26 11:20:38,380 [INFO] src.scraper: Cambridge (02140) (region 645): 15 homes returned
2026-02-26 11:20:42,095 [INFO] src.scraper: Searching Cambridge (02141) (region_id=646)...
2026-02-26 11:20:42,292 [INFO] src.scraper: Cambridge (02141) (region 646): 41 homes returned
2026-02-26 11:20:45,086 [INFO] src.scraper: Searching Cambridge (02142) (region_id=647)...
2026-02-26 11:20:45,314 [INFO] src.scraper: Cambridge (02142) (region 647): 3 homes returned
2026-02-26 11:20:48,516 [INFO] src.scraper: Searching Brookline (02445) (region_id=747)...
2026-02-26 11:20:48,818 [INFO] src.scraper: Brookline (02445) (region 747): 34 homes returned
2026-02-26 11:20:53,488 [INFO] src.scraper: Searching Brookline (02446) (region_id=748)...
2026-02-26 11:20:53,738 [INFO] src.scraper: Brookline (02446) (region 748): 37 homes returned
2026-02-26 11:20:57,764 [INFO] src.scraper: Searching Brookline (02447) (region_id=749)...
2026-02-26 11:20:58,270 [INFO] src.scraper: Brookline (02447) (region 749): 171 homes returned
2026-02-26 11:21:02,763 [INFO] src.scraper: Searching Medford (02155) (region_id=657)...
2026-02-26 11:21:03,156 [INFO] src.scraper: Medford (02155) (region 657): 50 homes returned
2026-02-26 11:21:06,392 [INFO] src.scraper: Searching Medford (02156) (region_id=658)...
2026-02-26 11:21:06,641 [INFO] src.scraper: Medford (02156) (region 658): 36 homes returned
2026-02-26 11:21:11,099 [INFO] src.scraper: Searching Arlington (02474) (region_id=769)...
2026-02-26 11:21:11,348 [INFO] src.scraper: Arlington (02474) (region 769): 10 homes returned
2026-02-26 11:21:15,033 [INFO] src.scraper: Searching Arlington (02476) (region_id=771)...
2026-02-26 11:21:15,184 [INFO] src.scraper: Arlington (02476) (region 771): 13 homes returned
2026-02-26 11:21:17,210 [INFO] src.scraper: Searching Belmont (02478) (region_id=773)...
2026-02-26 11:21:17,492 [INFO] src.scraper: Belmont (02478) (region 773): 15 homes returned
2026-02-26 11:21:19,991 [INFO] src.scraper: Total new listings found: 24
2026-02-26 11:21:19,992 [INFO] redfin-finder: Raw listings from scraper: 24
2026-02-26 11:21:19,993 [INFO] redfin-finder: Step 2/5: Applying location and price filters...
2026-02-26 11:21:19,994 [INFO] redfin-finder: After filtering: 2 listings
2026-02-26 11:21:19,994 [INFO] redfin-finder: Step 3/5: Computing driving times (OSRM + Nominatim)...
2026-02-26 11:21:19,995 [INFO] redfin-finder:   [1/2] Driving times for: 199 Prospect St Unit A1, Cambridge, MA 02139
2026-02-26 11:21:22,498 [INFO] redfin-finder:   [2/2] Driving times for: 466 Commonwealth Ave #305, Boston, MA 02215
2026-02-26 11:21:32,432 [INFO] redfin-finder: Step 4/5: Estimating rentals and computing ratings...
2026-02-26 11:21:32,432 [INFO] redfin-finder: Step 5/5: Building Excel workbook...
2026-02-26 11:21:32,495 [INFO] redfin-finder: Workbook saved: C:\Users\Zara\Documents\GitHub\Personal-Projects\home-finder\data\listings_20260226_111902.xlsx
2026-02-26 11:21:32,512 [INFO] redfin-finder: Updated main workbook: C:\Users\Zara\Documents\GitHub\Personal-Projects\home-finder\data\listings.xlsx
2026-02-26 11:21:32,512 [INFO] redfin-finder: ============================================================
2026-02-26 11:21:32,512 [INFO] redfin-finder: Run complete in 150.1 seconds
2026-02-26 11:21:32,512 [INFO] redfin-finder: Total listings: 2
2026-02-26 11:21:32,512 [INFO] redfin-finder:   Green: 0 | Yellow: 2 | Red: 0
2026-02-26 11:21:32,513 [INFO] redfin-finder: Output: C:\Users\Zara\Documents\GitHub\Personal-Projects\home-finder\data\listings_20260226_111902.xlsx
2026-02-26 11:21:32,513 [INFO] redfin-finder: ============================================================
2026-02-26 12:12:35,906 [INFO] redfin-finder: ============================================================
2026-02-26 12:12:35,907 [INFO] redfin-finder: Redfin Finder run started at 2026-02-26 12:12:35
2026-02-26 12:12:35,907 [INFO] redfin-finder: ============================================================
2026-02-26 12:12:35,907 [INFO] redfin-finder: Step 1/5: Scraping Redfin for new listings...
2026-02-26 12:12:35,917 [INFO] src.scraper: All 37 ZIP region IDs loaded from cache
2026-02-26 12:12:35,927 [INFO] src.scraper: Searching Quincy (02169) (region_id=660)...
2026-02-26 12:12:36,327 [INFO] src.scraper: Quincy (02169) (region 660): 64 homes returned
2026-02-26 12:12:41,060 [INFO] src.scraper: Searching Quincy (02170) (region_id=661)...
2026-02-26 12:12:41,207 [INFO] src.scraper: Quincy (02170) (region 661): 5 homes returned
2026-02-26 12:12:45,436 [INFO] src.scraper: Searching Quincy (02171) (region_id=662)...
2026-02-26 12:12:45,632 [INFO] src.scraper: Quincy (02171) (region 662): 22 homes returned
2026-02-26 12:12:49,925 [INFO] src.scraper: Searching Waltham (02451) (region_id=750)...
2026-02-26 12:12:50,111 [INFO] src.scraper: Waltham (02451) (region 750): 10 homes returned
2026-02-26 12:12:53,596 [INFO] src.scraper: Searching Waltham (02452) (region_id=751)...
2026-02-26 12:12:53,730 [INFO] src.scraper: Waltham (02452) (region 751): 1 homes returned
2026-02-26 12:12:56,732 [INFO] src.scraper: Searching Waltham (02453) (region_id=752)...
2026-02-26 12:12:56,908 [INFO] src.scraper: Waltham (02453) (region 752): 27 homes returned
2026-02-26 12:13:01,910 [INFO] src.scraper: Searching Waltham (02454) (region_id=753)...
2026-02-26 12:13:02,020 [INFO] src.scraper: Waltham (02454) (region 753): 0 homes returned
2026-02-26 12:13:05,483 [INFO] src.scraper: Searching Newton (02458) (region_id=757)...
2026-02-26 12:13:05,658 [INFO] src.scraper: Newton (02458) (region 757): 18 homes returned
2026-02-26 12:13:09,378 [INFO] src.scraper: Searching Newton (02459) (region_id=758)...
2026-02-26 12:13:09,599 [INFO] src.scraper: Newton (02459) (region 758): 37 homes returned
2026-02-26 12:13:13,593 [INFO] src.scraper: Searching Newton (02460) (region_id=759)...
2026-02-26 12:13:13,755 [INFO] src.scraper: Newton (02460) (region 759): 10 homes returned
2026-02-26 12:13:15,808 [INFO] src.scraper: Searching Newton (02461) (region_id=760)...
2026-02-26 12:13:15,966 [INFO] src.scraper: Newton (02461) (region 760): 26 homes returned
2026-02-26 12:13:20,056 [INFO] src.scraper: Searching Newton (02462) (region_id=761)...
2026-02-26 12:13:20,210 [INFO] src.scraper: Newton (02462) (region 761): 2 homes returned
2026-02-26 12:13:24,317 [INFO] src.scraper: Searching Newton (02464) (region_id=762)...
2026-02-26 12:13:24,466 [INFO] src.scraper: Newton (02464) (region 762): 4 homes returned
2026-02-26 12:13:27,985 [INFO] src.scraper: Searching Newton (02465) (region_id=763)...
2026-02-26 12:13:28,158 [INFO] src.scraper: Newton (02465) (region 763): 8 homes returned
2026-02-26 12:13:33,021 [INFO] src.scraper: Searching Newton (02466) (region_id=764)...
2026-02-26 12:13:33,174 [INFO] src.scraper: Newton (02466) (region 764): 6 homes returned
2026-02-26 12:13:36,567 [INFO] src.scraper: Searching Newton (02467) (region_id=765)...
2026-02-26 12:13:36,769 [INFO] src.scraper: Newton (02467) (region 765): 38 homes returned
2026-02-26 12:13:39,125 [INFO] src.scraper: Searching Newton (02468) (region_id=766)...
2026-02-26 12:13:39,274 [INFO] src.scraper: Newton (02468) (region 766): 12 homes returned
2026-02-26 12:13:43,219 [INFO] src.scraper: Searching Watertown (02471) (region_id=767)...
2026-02-26 12:13:43,461 [INFO] src.scraper: Watertown (02471) (region 767): 81 homes returned
2026-02-26 12:13:48,213 [INFO] src.scraper: Searching Watertown (02472) (region_id=768)...
2026-02-26 12:13:48,416 [INFO] src.scraper: Watertown (02472) (region 768): 40 homes returned
2026-02-26 12:13:51,460 [INFO] src.scraper: Searching Brighton (02135) (region_id=640)...
2026-02-26 12:13:51,761 [INFO] src.scraper: Brighton (02135) (region 640): 95 homes returned
2026-02-26 12:13:54,128 [INFO] src.scraper: Searching Allston (02134) (region_id=639)...
2026-02-26 12:13:54,302 [INFO] src.scraper: Allston (02134) (region 639): 27 homes returned
2026-02-26 12:13:58,480 [INFO] src.scraper: Searching Somerville (02143) (region_id=648)...
2026-02-26 12:13:58,669 [INFO] src.scraper: Somerville (02143) (region 648): 28 homes returned
2026-02-26 12:14:00,919 [INFO] src.scraper: Searching Somerville (02144) (region_id=649)...
2026-02-26 12:14:01,161 [INFO] src.scraper: Somerville (02144) (region 649): 17 homes returned
2026-02-26 12:14:05,636 [INFO] src.scraper: Searching Somerville (02145) (region_id=650)...
2026-02-26 12:14:05,820 [INFO] src.scraper: Somerville (02145) (region 650): 25 homes returned
2026-02-26 12:14:10,642 [INFO] src.scraper: Searching Cambridge (02138) (region_id=643)...
2026-02-26 12:14:10,854 [INFO] src.scraper: Cambridge (02138) (region 643): 34 homes returned
2026-02-26 12:14:13,500 [INFO] src.scraper: Searching Cambridge (02139) (region_id=644)...
2026-02-26 12:14:13,661 [INFO] src.scraper: Cambridge (02139) (region 644): 25 homes returned
2026-02-26 12:14:16,850 [INFO] src.scraper: Searching Cambridge (02140) (region_id=645)...
2026-02-26 12:14:17,004 [INFO] src.scraper: Cambridge (02140) (region 645): 15 homes returned
2026-02-26 12:14:20,876 [INFO] src.scraper: Searching Cambridge (02141) (region_id=646)...
2026-02-26 12:14:21,058 [INFO] src.scraper: Cambridge (02141) (region 646): 41 homes returned
2026-02-26 12:14:24,525 [INFO] src.scraper: Searching Cambridge (02142) (region_id=647)...
2026-02-26 12:14:24,666 [INFO] src.scraper: Cambridge (02142) (region 647): 3 homes returned
2026-02-26 12:14:26,771 [INFO] src.scraper: Searching Brookline (02445) (region_id=747)...
2026-02-26 12:14:26,973 [INFO] src.scraper: Brookline (02445) (region 747): 34 homes returned
2026-02-26 12:14:29,611 [INFO] src.scraper: Searching Brookline (02446) (region_id=748)...
2026-02-26 12:14:29,804 [INFO] src.scraper: Brookline (02446) (region 748): 37 homes returned
2026-02-26 12:14:32,013 [INFO] src.scraper: Searching Brookline (02447) (region_id=749)...
2026-02-26 12:14:32,396 [INFO] src.scraper: Brookline (02447) (region 749): 171 homes returned
2026-02-26 12:14:37,381 [INFO] src.scraper: Searching Medford (02155) (region_id=657)...
2026-02-26 12:14:37,576 [INFO] src.scraper: Medford (02155) (region 657): 50 homes returned
2026-02-26 12:14:41,792 [INFO] src.scraper: Searching Medford (02156) (region_id=658)...
2026-02-26 12:14:41,983 [INFO] src.scraper: Medford (02156) (region 658): 37 homes returned
2026-02-26 12:14:45,992 [INFO] src.scraper: Searching Arlington (02474) (region_id=769)...
2026-02-26 12:14:46,143 [INFO] src.scraper: Arlington (02474) (region 769): 11 homes returned
2026-02-26 12:14:48,332 [INFO] src.scraper: Searching Arlington (02476) (region_id=771)...
2026-02-26 12:14:48,490 [INFO] src.scraper: Arlington (02476) (region 771): 13 homes returned
2026-02-26 12:14:51,376 [INFO] src.scraper: Searching Belmont (02478) (region_id=773)...
2026-02-26 12:14:51,538 [INFO] src.scraper: Belmont (02478) (region 773): 16 homes returned
2026-02-26 12:14:55,390 [INFO] src.scraper: Total new listings found: 2
2026-02-26 12:14:55,392 [INFO] redfin-finder: Raw listings from scraper: 2
2026-02-26 12:14:55,392 [INFO] redfin-finder: Step 2/5: Applying location and price filters...
2026-02-26 12:14:55,393 [INFO] redfin-finder: After filtering: 0 listings
2026-02-26 12:14:55,393 [WARNING] redfin-finder: All listings filtered out. Exiting.
